{"numTotalTestSuites":342,"numPassedTestSuites":318,"numFailedTestSuites":24,"numPendingTestSuites":0,"numTotalTests":754,"numPassedTests":736,"numFailedTests":18,"numPendingTests":0,"numTodoTests":0,"snapshot":{"added":0,"failure":false,"filesAdded":0,"filesRemoved":0,"filesRemovedList":[],"filesUnmatched":1,"filesUpdated":0,"matched":0,"total":2,"unchecked":0,"uncheckedKeysByFile":[],"unmatched":2,"updated":0,"didUpdate":false},"startTime":1775272468144,"success":false,"testResults":[{"assertionResults":[{"ancestorTitles":["ADD-009 server-action validation policy"],"fullName":"ADD-009 server-action validation policy flags zod parse usage in server-action code","status":"passed","title":"flags zod parse usage in server-action code","duration":5.822099999999978,"failureMessages":[],"meta":{}},{"ancestorTitles":["ADD-009 server-action validation policy"],"fullName":"ADD-009 server-action validation policy flags safeParse flows that still throw new Error","status":"passed","title":"flags safeParse flows that still throw new Error","duration":1.300799999999981,"failureMessages":[],"meta":{}},{"ancestorTitles":["ADD-009 server-action validation policy"],"fullName":"ADD-009 server-action validation policy allows safeParse flows that use structured action failures","status":"passed","title":"allows safeParse flows that use structured action failures","duration":1.3508000000000493,"failureMessages":[],"meta":{}},{"ancestorTitles":["ADD-009 server-action validation policy"],"fullName":"ADD-009 server-action validation policy reports no ADD-009 policy drift in app/actions","status":"passed","title":"reports no ADD-009 policy drift in app/actions","duration":7.1638000000000375,"failureMessages":[],"meta":{}}],"startTime":1775272527492,"endTime":1775272527508.1638,"status":"passed","message":"","name":"C:/Users/User/build-market/apps/client/__tests__/actions/add-009-server-action-validation-policy.test.ts"},{"assertionResults":[{"ancestorTitles":["finance actions"],"fullName":"finance actions returns a structured unauthorized failure when the actor is missing","status":"passed","title":"returns a structured unauthorized failure when the actor is missing","duration":88.04460000000017,"failureMessages":[],"meta":{}},{"ancestorTitles":["finance actions"],"fullName":"finance actions returns a structured validation failure for invalid withdrawal input","status":"passed","title":"returns a structured validation failure for invalid withdrawal input","duration":3.86850000000004,"failureMessages":[],"meta":{}},{"ancestorTitles":["finance actions"],"fullName":"finance actions returns a structured unauthorized failure when recent-auth claims are stale","status":"passed","title":"returns a structured unauthorized failure when recent-auth claims are stale","duration":5.1025999999999385,"failureMessages":[],"meta":{}},{"ancestorTitles":["finance actions"],"fullName":"finance actions returns a structured limit_exceeded failure when withdrawal rate limit is exceeded","status":"passed","title":"returns a structured limit_exceeded failure when withdrawal rate limit is exceeded","duration":2.7719999999999345,"failureMessages":[],"meta":{}},{"ancestorTitles":["finance actions"],"fullName":"finance actions returns the stored response for completed idempotent requests","status":"passed","title":"returns the stored response for completed idempotent requests","duration":3.6088999999999487,"failureMessages":[],"meta":{}},{"ancestorTitles":["finance actions"],"fullName":"finance actions creates a withdrawal through the finance domain and revalidates finance pages","status":"passed","title":"creates a withdrawal through the finance domain and revalidates finance pages","duration":3.334100000000035,"failureMessages":[],"meta":{}},{"ancestorTitles":["finance actions"],"fullName":"finance actions fails the idempotency record and returns a structured domain failure","status":"passed","title":"fails the idempotency record and returns a structured domain failure","duration":5.227300000000014,"failureMessages":[],"meta":{}}],"startTime":1775272523607,"endTime":1775272523719.2273,"status":"passed","message":"","name":"C:/Users/User/build-market/apps/client/__tests__/actions/finance.test.ts"},{"assertionResults":[],"startTime":1775272468144,"endTime":1775272468144,"status":"failed","message":"Cannot find module 'C:\\Users\\User\\build-market\\packages\\redis\\src\\client' imported from C:\\Users\\User\\build-market\\packages\\redis\\src\\index.ts","name":"C:/Users/User/build-market/apps/client/__tests__/actions/inquiries.test.ts"},{"assertionResults":[],"startTime":1775272468144,"endTime":1775272468144,"status":"failed","message":"Cannot find module 'C:\\Users\\User\\build-market\\packages\\redis\\src\\client' imported from C:\\Users\\User\\build-market\\packages\\redis\\src\\index.ts","name":"C:/Users/User/build-market/apps/client/__tests__/actions/leads.test.ts"},{"assertionResults":[{"ancestorTitles":["onboarding Tier-3 guards"],"fullName":"onboarding Tier-3 guards blocks verification-role transition when recent-auth is stale","status":"passed","title":"blocks verification-role transition when recent-auth is stale","duration":74.51300000000015,"failureMessages":[],"meta":{}},{"ancestorTitles":["onboarding Tier-3 guards"],"fullName":"onboarding Tier-3 guards rate-limits onboarding critical transitions before handler execution","status":"passed","title":"rate-limits onboarding critical transitions before handler execution","duration":7.483699999999999,"failureMessages":[],"meta":{}}],"startTime":1775272528497,"endTime":1775272528579.4836,"status":"passed","message":"","name":"C:/Users/User/build-market/apps/client/__tests__/actions/onboarding-tier3-guards.test.ts"},{"assertionResults":[{"ancestorTitles":["searchProfessionalsAction"],"fullName":"searchProfessionalsAction returns search results from the search domain with actor context","status":"passed","title":"returns search results from the search domain with actor context","duration":6.541600000000017,"failureMessages":[],"meta":{}},{"ancestorTitles":["searchProfessionalsAction"],"fullName":"searchProfessionalsAction throws on domain error","status":"passed","title":"throws on domain error","duration":3.8642000000000962,"failureMessages":[],"meta":{}},{"ancestorTitles":["searchProfessionalsAction"],"fullName":"searchProfessionalsAction passes empty actor for public access","status":"passed","title":"passes empty actor for public access","duration":1.384800000000041,"failureMessages":[],"meta":{}}],"startTime":1775272574673,"endTime":1775272574685.3848,"status":"passed","message":"","name":"C:/Users/User/build-market/apps/client/__tests__/actions/search.test.ts"},{"assertionResults":[{"ancestorTitles":["Tier-3 high-value guard policy"],"fullName":"Tier-3 high-value guard policy flags missing secureAction guard options on high-value server actions","status":"passed","title":"flags missing secureAction guard options on high-value server actions","duration":4.85450000000003,"failureMessages":[],"meta":{}},{"ancestorTitles":["Tier-3 high-value guard policy"],"fullName":"Tier-3 high-value guard policy flags missing route anti-automation guard snippets","status":"passed","title":"flags missing route anti-automation guard snippets","duration":1.0008000000000266,"failureMessages":[],"meta":{}},{"ancestorTitles":["Tier-3 high-value guard policy"],"fullName":"Tier-3 high-value guard policy reports no Tier-3 high-value guard drift in workspace files","status":"passed","title":"reports no Tier-3 high-value guard drift in workspace files","duration":5.6965000000000146,"failureMessages":[],"meta":{}},{"ancestorTitles":["Tier-3 critical transition sequencing policy"],"fullName":"Tier-3 critical transition sequencing policy flags out-of-order onboarding transition steps","status":"passed","title":"flags out-of-order onboarding transition steps","duration":1.5340999999999667,"failureMessages":[],"meta":{}},{"ancestorTitles":["Tier-3 critical transition sequencing policy"],"fullName":"Tier-3 critical transition sequencing policy reports no Tier-3 step-sequencing drift in workspace files","status":"passed","title":"reports no Tier-3 step-sequencing drift in workspace files","duration":4.3646000000001095,"failureMessages":[],"meta":{}},{"ancestorTitles":["Tier-3 critical transition sequencing policy"],"fullName":"Tier-3 critical transition sequencing policy flags out-of-order verification adapter steps","status":"passed","title":"flags out-of-order verification adapter steps","duration":0.490099999999984,"failureMessages":[],"meta":{}}],"startTime":1775272571193,"endTime":1775272571211.49,"status":"passed","message":"","name":"C:/Users/User/build-market/apps/client/__tests__/actions/tier3-high-value-guard-policy.test.ts"},{"assertionResults":[{"ancestorTitles":["profile client hooks"],"fullName":"profile client hooks marks onboarding as needed when the profile status facade returns null","status":"passed","title":"marks onboarding as needed when the profile status facade returns null","duration":147.76239999999962,"failureMessages":[],"meta":{}},{"ancestorTitles":["profile client hooks"],"fullName":"profile client hooks submits profile updates and triggers a profile-status refetch","status":"passed","title":"submits profile updates and triggers a profile-status refetch","duration":89.82229999999981,"failureMessages":[],"meta":{}},{"ancestorTitles":["profile client hooks"],"fullName":"profile client hooks redirects professionals with rejected verification back to the verification tab","status":"passed","title":"redirects professionals with rejected verification back to the verification tab","duration":81.2524999999996,"failureMessages":[],"meta":{}},{"ancestorTitles":["profile client hooks"],"fullName":"profile client hooks redirects to property verification when profile verification is clear","status":"passed","title":"redirects to property verification when profile verification is clear","duration":110.29860000000008,"failureMessages":[],"meta":{}}],"startTime":1775272509801,"endTime":1775272510230.2986,"status":"passed","message":"","name":"C:/Users/User/build-market/apps/client/__tests__/hooks/profile-client-hooks.test.ts"},{"assertionResults":[{"ancestorTitles":["normalizeProjectClientLabel"],"fullName":"normalizeProjectClientLabel returns full name when first and last name exist","status":"passed","title":"returns full name when first and last name exist","duration":4.063900000000103,"failureMessages":[],"meta":{}},{"ancestorTitles":["normalizeProjectClientLabel"],"fullName":"normalizeProjectClientLabel falls back to email when names are missing","status":"passed","title":"falls back to email when names are missing","duration":0.8791999999994005,"failureMessages":[],"meta":{}},{"ancestorTitles":["normalizeProjectClientLabel"],"fullName":"normalizeProjectClientLabel falls back to default label when no participant fields exist","status":"passed","title":"falls back to default label when no participant fields exist","duration":0.8233000000000175,"failureMessages":[],"meta":{}},{"ancestorTitles":["normalizeProjectClientLabel"],"fullName":"normalizeProjectClientLabel maps generic projects into dashboard project cards for service providers","status":"passed","title":"maps generic projects into dashboard project cards for service providers","duration":169.63710000000083,"failureMessages":[],"meta":{}},{"ancestorTitles":["normalizeProjectClientLabel"],"fullName":"normalizeProjectClientLabel normalizes CRM leads for the service provider dashboard widgets","status":"passed","title":"normalizes CRM leads for the service provider dashboard widgets","duration":85.18540000000121,"failureMessages":[],"meta":{}},{"ancestorTitles":["normalizeProjectClientLabel"],"fullName":"normalizeProjectClientLabel keeps generic projects enabled in the hybrid branch while also loading property widgets","status":"passed","title":"keeps generic projects enabled in the hybrid branch while also loading property widgets","duration":106.75350000000071,"failureMessages":[],"meta":{}},{"ancestorTitles":["normalizeProjectClientLabel"],"fullName":"normalizeProjectClientLabel normalizes CRM property inquiries and pipeline summaries for hybrid dashboards","status":"passed","title":"normalizes CRM property inquiries and pipeline summaries for hybrid dashboards","duration":99.37039999999979,"failureMessages":[],"meta":{}}],"startTime":1775272517616,"endTime":1775272518082.3704,"status":"passed","message":"","name":"C:/Users/User/build-market/apps/client/__tests__/hooks/useDashboardData.test.ts"},{"assertionResults":[{"ancestorTitles":["useImageUploader","Initial State"],"fullName":"useImageUploader Initial State returns initial state correctly","status":"passed","title":"returns initial state correctly","duration":41.42649999999958,"failureMessages":[],"meta":{}},{"ancestorTitles":["useImageUploader","Initial State"],"fullName":"useImageUploader Initial State accepts custom maxImages option","status":"passed","title":"accepts custom maxImages option","duration":5.027299999999741,"failureMessages":[],"meta":{}},{"ancestorTitles":["useImageUploader","setNewImageUrl"],"fullName":"useImageUploader setNewImageUrl updates newImageUrl state","status":"passed","title":"updates newImageUrl state","duration":12.801300000000083,"failureMessages":[],"meta":{}},{"ancestorTitles":["useImageUploader","handleDragOver"],"fullName":"useImageUploader handleDragOver sets isDragging to true","status":"passed","title":"sets isDragging to true","duration":11.267799999999625,"failureMessages":[],"meta":{}},{"ancestorTitles":["useImageUploader","handleDragLeave"],"fullName":"useImageUploader handleDragLeave sets isDragging to false","status":"passed","title":"sets isDragging to false","duration":19.490099999999984,"failureMessages":[],"meta":{}},{"ancestorTitles":["useImageUploader","handleAddImage"],"fullName":"useImageUploader handleAddImage adds image from valid URL","status":"passed","title":"adds image from valid URL","duration":9.868600000000697,"failureMessages":[],"meta":{}},{"ancestorTitles":["useImageUploader","handleAddImage"],"fullName":"useImageUploader handleAddImage rejects invalid URL format","status":"failed","title":"rejects invalid URL format","duration":47.44749999999931,"failureMessages":["AssertionError: expected \"vi.fn()\" to be called with arguments: [ 'Invalid URL format' ]\u001b[90m\n\nReceived: \n\n\u001b[1m  1st vi.fn() call:\n\n\u001b[22m\u001b[2m  [\u001b[22m\n\u001b[32m-   \"Invalid URL format\",\u001b[90m\n\u001b[31m+   \"Image URL must start with https:// or be a local path\",\u001b[90m\n\u001b[2m  ]\u001b[22m\n\u001b[39m\u001b[90m\n\nNumber of calls: \u001b[1m1\u001b[22m\n\u001b[39m\n    at Proxy.<anonymous> (file:///C:/Users/User/build-market/node_modules/.pnpm/@vitest+expect@4.0.18/node_modules/@vitest/expect/dist/index.js:1420:10)\n    at Proxy.<anonymous> (file:///C:/Users/User/build-market/node_modules/.pnpm/@vitest+expect@4.0.18/node_modules/@vitest/expect/dist/index.js:1090:14)\n    at Proxy.methodWrapper (file:///C:/Users/User/build-market/node_modules/.pnpm/chai@6.2.2/node_modules/chai/index.js:1700:25)\n    at C:/Users/User/build-market/apps/client/__tests__/hooks/useImageUploader.test.ts:188:31\n    at file:///C:/Users/User/build-market/node_modules/.pnpm/@vitest+runner@4.0.18/node_modules/@vitest/runner/dist/index.js:145:11\n    at file:///C:/Users/User/build-market/node_modules/.pnpm/@vitest+runner@4.0.18/node_modules/@vitest/runner/dist/index.js:915:26\n    at file:///C:/Users/User/build-market/node_modules/.pnpm/@vitest+runner@4.0.18/node_modules/@vitest/runner/dist/index.js:1243:20\n    at new Promise (<anonymous>)\n    at runWithTimeout (file:///C:/Users/User/build-market/node_modules/.pnpm/@vitest+runner@4.0.18/node_modules/@vitest/runner/dist/index.js:1209:10)\n    at file:///C:/Users/User/build-market/node_modules/.pnpm/@vitest+runner@4.0.18/node_modules/@vitest/runner/dist/index.js:1653:37"],"meta":{}},{"ancestorTitles":["useImageUploader","handleAddImage"],"fullName":"useImageUploader handleAddImage rejects non-HTTPS URL","status":"passed","title":"rejects non-HTTPS URL","duration":6.706000000000131,"failureMessages":[],"meta":{}},{"ancestorTitles":["useImageUploader","handleAddImage"],"fullName":"useImageUploader handleAddImage allows local path URLs","status":"passed","title":"allows local path URLs","duration":5.077500000000327,"failureMessages":[],"meta":{}},{"ancestorTitles":["useImageUploader","handleAddImage"],"fullName":"useImageUploader handleAddImage prevents duplicate URLs","status":"passed","title":"prevents duplicate URLs","duration":10.063900000000103,"failureMessages":[],"meta":{}},{"ancestorTitles":["useImageUploader","handleAddImage"],"fullName":"useImageUploader handleAddImage prevents adding when max images reached","status":"passed","title":"prevents adding when max images reached","duration":2.865099999999984,"failureMessages":[],"meta":{}},{"ancestorTitles":["useImageUploader","handleAddImage"],"fullName":"useImageUploader handleAddImage does nothing when URL is empty","status":"passed","title":"does nothing when URL is empty","duration":4.140799999999217,"failureMessages":[],"meta":{}},{"ancestorTitles":["useImageUploader","handleRemoveImage"],"fullName":"useImageUploader handleRemoveImage calls removeImage with correct index","status":"passed","title":"calls removeImage with correct index","duration":16.479299999999967,"failureMessages":[],"meta":{}},{"ancestorTitles":["useImageUploader","handleFileSelect"],"fullName":"useImageUploader handleFileSelect rejects empty file list","status":"passed","title":"rejects empty file list","duration":8.296100000000479,"failureMessages":[],"meta":{}},{"ancestorTitles":["useImageUploader","handleFileSelect"],"fullName":"useImageUploader handleFileSelect rejects non-image files","status":"passed","title":"rejects non-image files","duration":4.139699999999721,"failureMessages":[],"meta":{}},{"ancestorTitles":["useImageUploader","handleFileSelect"],"fullName":"useImageUploader handleFileSelect uploads valid image files successfully","status":"failed","title":"uploads valid image files successfully","duration":1047.5658000000003,"failureMessages":["AssertionError: expected \"vi.fn()\" to be called with arguments: [ +0, …(1) ]\u001b[90m\n\nReceived: \n\n\u001b[1m  1st vi.fn() call:\n\n\u001b[22m\u001b[2m  [\u001b[22m\n\u001b[2m    0,\u001b[22m\n\u001b[2m    {\u001b[22m\n\u001b[31m+     \"assetId\": \"00000000-0000-0000-0000-000000000001\",\u001b[90m\n\u001b[2m      \"value\": \"https://example.com/new.jpg\",\u001b[22m\n\u001b[2m    },\u001b[22m\n\u001b[2m  ]\u001b[22m\n\u001b[39m\u001b[90m\n\nNumber of calls: \u001b[1m1\u001b[22m\n\u001b[39m\n\nIgnored nodes: comments, script, style\n\u001b[36m<html>\u001b[39m\n  \u001b[36m<head />\u001b[39m\n  \u001b[36m<body>\u001b[39m\n    \u001b[36m<div />\u001b[39m\n  \u001b[36m</body>\u001b[39m\n\u001b[36m</html>\u001b[39m\n    at Proxy.<anonymous> (file:///C:/Users/User/build-market/node_modules/.pnpm/@vitest+expect@4.0.18/node_modules/@vitest/expect/dist/index.js:1420:10)\n    at Proxy.<anonymous> (file:///C:/Users/User/build-market/node_modules/.pnpm/@vitest+expect@4.0.18/node_modules/@vitest/expect/dist/index.js:1090:14)\n    at Proxy.methodWrapper (file:///C:/Users/User/build-market/node_modules/.pnpm/chai@6.2.2/node_modules/chai/index.js:1700:25)\n    at C:/Users/User/build-market/apps/client/__tests__/hooks/useImageUploader.test.ts:353:33\n    at runWithExpensiveErrorDiagnosticsDisabled (C:\\Users\\User\\build-market\\node_modules\\.pnpm\\@testing-library+dom@10.4.1\\node_modules\\@testing-library\\dom\\dist\\config.js:47:12)\n    at checkCallback (C:\\Users\\User\\build-market\\node_modules\\.pnpm\\@testing-library+dom@10.4.1\\node_modules\\@testing-library\\dom\\dist\\wait-for.js:124:77)\n    at Timeout.checkRealTimersCallback (C:\\Users\\User\\build-market\\node_modules\\.pnpm\\@testing-library+dom@10.4.1\\node_modules\\@testing-library\\dom\\dist\\wait-for.js:118:16)\n    at listOnTimeout (node:internal/timers:605:17)\n    at processTimers (node:internal/timers:541:7)"],"meta":{}},{"ancestorTitles":["useImageUploader","handleFileSelect"],"fullName":"useImageUploader handleFileSelect prevents upload when max images reached","status":"passed","title":"prevents upload when max images reached","duration":18.607200000000375,"failureMessages":[],"meta":{}},{"ancestorTitles":["useImageUploader","handleFileSelect"],"fullName":"useImageUploader handleFileSelect handles upload errors gracefully","status":"passed","title":"handles upload errors gracefully","duration":35.220900000000256,"failureMessages":[],"meta":{}},{"ancestorTitles":["useImageUploader","handleDrop"],"fullName":"useImageUploader handleDrop handles file drop correctly","status":"passed","title":"handles file drop correctly","duration":3.60950000000048,"failureMessages":[],"meta":{}},{"ancestorTitles":["useImageUploader","Callbacks"],"fullName":"useImageUploader Callbacks calls onImagesAdded callback after successful upload","status":"passed","title":"calls onImagesAdded callback after successful upload","duration":29.362600000000384,"failureMessages":[],"meta":{}},{"ancestorTitles":["useImageUploader","Callbacks"],"fullName":"useImageUploader Callbacks calls onImageRemoved callback when removing image","status":"passed","title":"calls onImageRemoved callback when removing image","duration":2.206399999999121,"failureMessages":[],"meta":{}}],"startTime":1775272472894,"endTime":1775272474237.2063,"status":"failed","message":"","name":"C:/Users/User/build-market/apps/client/__tests__/hooks/useImageUploader.test.ts"},{"assertionResults":[{"ancestorTitles":["useOnboarding"],"fullName":"useOnboarding redirects already-onboarded professionals to the professional dashboard","status":"passed","title":"redirects already-onboarded professionals to the professional dashboard","duration":69.8793999999998,"failureMessages":[],"meta":{}},{"ancestorTitles":["useOnboarding"],"fullName":"useOnboarding submits onboarding data and routes professionals to their dashboard","status":"passed","title":"submits onboarding data and routes professionals to their dashboard","duration":31.77930000000015,"failureMessages":[],"meta":{}},{"ancestorTitles":["useOnboarding"],"fullName":"useOnboarding uses the dedicated client skip call and navigates to the user dashboard","status":"passed","title":"uses the dedicated client skip call and navigates to the user dashboard","duration":9.984399999999368,"failureMessages":[],"meta":{}},{"ancestorTitles":["useOnboarding"],"fullName":"useOnboarding signs the user out when onboarding is cancelled","status":"passed","title":"signs the user out when onboarding is cancelled","duration":5.029999999999745,"failureMessages":[],"meta":{}},{"ancestorTitles":["useOnboarding"],"fullName":"useOnboarding exposes jumpToStep and updates step when called with valid index","status":"passed","title":"exposes jumpToStep and updates step when called with valid index","duration":5.665799999999763,"failureMessages":[],"meta":{}}],"startTime":1775272523498,"endTime":1775272523620.6658,"status":"passed","message":"","name":"C:/Users/User/build-market/apps/client/__tests__/hooks/useOnboarding.test.tsx"},{"assertionResults":[{"ancestorTitles":["useProjects"],"fullName":"useProjects loads generic projects through the normalized generic client","status":"passed","title":"loads generic projects through the normalized generic client","duration":115.03849999999966,"failureMessages":[],"meta":{}},{"ancestorTitles":["useProjects"],"fullName":"useProjects loads a generic project detail through the normalized generic client","status":"passed","title":"loads a generic project detail through the normalized generic client","duration":72.41089999999986,"failureMessages":[],"meta":{}},{"ancestorTitles":["useProjects"],"fullName":"useProjects loads portal projects through the professional-portal client path","status":"passed","title":"loads portal projects through the professional-portal client path","duration":81.92270000000008,"failureMessages":[],"meta":{}},{"ancestorTitles":["useProjects"],"fullName":"useProjects loads a portal project detail through the professional-portal client path","status":"passed","title":"loads a portal project detail through the professional-portal client path","duration":82.27379999999994,"failureMessages":[],"meta":{}},{"ancestorTitles":["useProjects"],"fullName":"useProjects usePortalProjects returns refetch and can be called","status":"passed","title":"usePortalProjects returns refetch and can be called","duration":90.97689999999966,"failureMessages":[],"meta":{}},{"ancestorTitles":["useProjects"],"fullName":"useProjects usePortalProjects sets isError when getPortalProjects returns failure","status":"passed","title":"usePortalProjects sets isError when getPortalProjects returns failure","duration":3101.6739000000007,"failureMessages":[],"meta":{}},{"ancestorTitles":["useProjects"],"fullName":"useProjects usePortalProject does not fetch when projectId is null","status":"passed","title":"usePortalProject does not fetch when projectId is null","duration":7.83889999999883,"failureMessages":[],"meta":{}},{"ancestorTitles":["useProjects"],"fullName":"useProjects useUpdatePortalProject invalidates detail and list on success","status":"passed","title":"useUpdatePortalProject invalidates detail and list on success","duration":85.03359999999884,"failureMessages":[],"meta":{}},{"ancestorTitles":["useProjects"],"fullName":"useProjects useDeletePortalProject removes detail and invalidates list on success","status":"passed","title":"useDeletePortalProject removes detail and invalidates list on success","duration":142.40309999999954,"failureMessages":[],"meta":{}}],"startTime":1775272484105,"endTime":1775272487885.403,"status":"passed","message":"","name":"C:/Users/User/build-market/apps/client/__tests__/hooks/useProjects.test.tsx"},{"assertionResults":[{"ancestorTitles":["useCreatePropertiesBatch"],"fullName":"useCreatePropertiesBatch forwards the batch payload and invalidates my-properties plus list caches","status":"passed","title":"forwards the batch payload and invalidates my-properties plus list caches","duration":138.02509999999984,"failureMessages":[],"meta":{}},{"ancestorTitles":["useCreatePropertiesBatch"],"fullName":"useCreatePropertiesBatch unwraps API errors and skips cache invalidation when batch creation fails","status":"passed","title":"unwraps API errors and skips cache invalidation when batch creation fails","duration":86.60170000000016,"failureMessages":[],"meta":{}}],"startTime":1775272518953,"endTime":1775272519179.6018,"status":"passed","message":"","name":"C:/Users/User/build-market/apps/client/__tests__/hooks/useProperties.test.tsx"},{"assertionResults":[{"ancestorTitles":["onboarding-upload-cleanup job","scheduleOnboardingUploadCleanup"],"fullName":"onboarding-upload-cleanup job scheduleOnboardingUploadCleanup schedules job with correct name and cron pattern","status":"passed","title":"schedules job with correct name and cron pattern","duration":197.46440000000007,"failureMessages":[],"meta":{}},{"ancestorTitles":["onboarding-upload-cleanup job","createOnboardingUploadCleanupWorker processor"],"fullName":"onboarding-upload-cleanup job createOnboardingUploadCleanupWorker processor calls cleanupExpiredStagedUploads and returns metrics","status":"passed","title":"calls cleanupExpiredStagedUploads and returns metrics","duration":2.873199999999997,"failureMessages":[],"meta":{}},{"ancestorTitles":["onboarding-upload-cleanup job","createOnboardingUploadCleanupWorker processor"],"fullName":"onboarding-upload-cleanup job createOnboardingUploadCleanupWorker processor skips unexpected job types","status":"passed","title":"skips unexpected job types","duration":1.408200000000079,"failureMessages":[],"meta":{}},{"ancestorTitles":["onboarding-upload-cleanup job","createOnboardingUploadCleanupWorker processor"],"fullName":"onboarding-upload-cleanup job createOnboardingUploadCleanupWorker processor throws on cleanup failure for retry","status":"passed","title":"throws on cleanup failure for retry","duration":4.708300000000008,"failureMessages":[],"meta":{}}],"startTime":1775272532281,"endTime":1775272532487.7083,"status":"passed","message":"","name":"C:/Users/User/build-market/apps/client/__tests__/jobs/onboarding-upload-cleanup.test.ts"},{"assertionResults":[{"ancestorTitles":["middleware route guards"],"fullName":"middleware route guards redirects unauthenticated protected requests to sign-in","status":"passed","title":"redirects unauthenticated protected requests to sign-in","duration":18.407799999999952,"failureMessages":[],"meta":{}},{"ancestorTitles":["middleware route guards"],"fullName":"middleware route guards allows onboarded professional access to professional routes","status":"passed","title":"allows onboarded professional access to professional routes","duration":4.0229999999996835,"failureMessages":[],"meta":{}},{"ancestorTitles":["middleware route guards"],"fullName":"middleware route guards redirects non-professional users away from professional routes","status":"passed","title":"redirects non-professional users away from professional routes","duration":2.0225000000000364,"failureMessages":[],"meta":{}},{"ancestorTitles":["middleware route guards"],"fullName":"middleware route guards redirects authenticated but not-onboarded users to onboarding","status":"passed","title":"redirects authenticated but not-onboarded users to onboarding","duration":1.7071999999998297,"failureMessages":[],"meta":{}},{"ancestorTitles":["middleware route guards"],"fullName":"middleware route guards redirects non-admin users to maintenance when maintenance mode is on","status":"passed","title":"redirects non-admin users to maintenance when maintenance mode is on","duration":5.78650000000016,"failureMessages":[],"meta":{}},{"ancestorTitles":["middleware route guards"],"fullName":"middleware route guards allows admin users during maintenance mode","status":"passed","title":"allows admin users during maintenance mode","duration":1.6843000000003485,"failureMessages":[],"meta":{}},{"ancestorTitles":["middleware route guards"],"fullName":"middleware route guards redirects sign-up when public signup is disabled","status":"passed","title":"redirects sign-up when public signup is disabled","duration":1.4240999999997257,"failureMessages":[],"meta":{}},{"ancestorTitles":["middleware route guards"],"fullName":"middleware route guards redirects professional sign-up when professional signup is disabled","status":"passed","title":"redirects professional sign-up when professional signup is disabled","duration":1.2798999999999978,"failureMessages":[],"meta":{}},{"ancestorTitles":["middleware route guards"],"fullName":"middleware route guards allows onboarding route when onboarding resolver is indeterminate","status":"passed","title":"allows onboarding route when onboarding resolver is indeterminate","duration":4.61869999999999,"failureMessages":[],"meta":{}},{"ancestorTitles":["middleware route guards"],"fullName":"middleware route guards redirects protected route to onboarding when resolver is indeterminate","status":"passed","title":"redirects protected route to onboarding when resolver is indeterminate","duration":3.5734999999999673,"failureMessages":[],"meta":{}},{"ancestorTitles":["middleware route guards"],"fullName":"middleware route guards redirects professional users in pending verification to holding page","status":"passed","title":"redirects professional users in pending verification to holding page","duration":2.383400000000165,"failureMessages":[],"meta":{}},{"ancestorTitles":["middleware route guards"],"fullName":"middleware route guards allows professional users on pending-verification route without loop","status":"passed","title":"allows professional users on pending-verification route without loop","duration":1.8993999999997868,"failureMessages":[],"meta":{}}],"startTime":1775272552657,"endTime":1775272552705.8994,"status":"passed","message":"","name":"C:/Users/User/build-market/apps/client/__tests__/middleware/route-guards.test.ts"},{"assertionResults":[{"ancestorTitles":["API Middleware","withAuth"],"fullName":"API Middleware withAuth should allow local development BYPASS_AUTH on localhost","status":"passed","title":"should allow local development BYPASS_AUTH on localhost","duration":25.906999999999925,"failureMessages":[],"meta":{}},{"ancestorTitles":["API Middleware","withAuth"],"fullName":"API Middleware withAuth should block BYPASS_AUTH in CI","status":"passed","title":"should block BYPASS_AUTH in CI","duration":9.577999999999975,"failureMessages":[],"meta":{}},{"ancestorTitles":["API Middleware","withAuth"],"fullName":"API Middleware withAuth should block BYPASS_AUTH for non-local request hosts","status":"passed","title":"should block BYPASS_AUTH for non-local request hosts","duration":2.7686999999998534,"failureMessages":[],"meta":{}},{"ancestorTitles":["API Middleware","withAuth"],"fullName":"API Middleware withAuth should call handler with auth context when authenticated","status":"passed","title":"should call handler with auth context when authenticated","duration":3.1521999999999935,"failureMessages":[],"meta":{}},{"ancestorTitles":["API Middleware","withAuth"],"fullName":"API Middleware withAuth blocks requests requiring recent authentication when claims are stale","status":"passed","title":"blocks requests requiring recent authentication when claims are stale","duration":4.961699999999837,"failureMessages":[],"meta":{}},{"ancestorTitles":["API Middleware","withAuth"],"fullName":"API Middleware withAuth blocks requests requiring recent authentication when token freshness claim is missing","status":"passed","title":"blocks requests requiring recent authentication when token freshness claim is missing","duration":7.1721,"failureMessages":[],"meta":{}},{"ancestorTitles":["API Middleware","withAuth"],"fullName":"API Middleware withAuth allows requests requiring recent authentication when token is fresh","status":"passed","title":"allows requests requiring recent authentication when token is fresh","duration":2.316400000000158,"failureMessages":[],"meta":{}},{"ancestorTitles":["API Middleware","withAuth"],"fullName":"API Middleware withAuth blocks authenticated unsafe mutations from untrusted origins","status":"passed","title":"blocks authenticated unsafe mutations from untrusted origins","duration":3.221699999999828,"failureMessages":[],"meta":{}},{"ancestorTitles":["API Middleware","withAuth"],"fullName":"API Middleware withAuth blocks authenticated unsafe mutations without origin when cookies are present","status":"passed","title":"blocks authenticated unsafe mutations without origin when cookies are present","duration":28.175000000000182,"failureMessages":[],"meta":{}},{"ancestorTitles":["API Middleware","withAuth"],"fullName":"API Middleware withAuth allows authenticated unsafe mutations from trusted origins","status":"passed","title":"allows authenticated unsafe mutations from trusted origins","duration":3.3050000000000637,"failureMessages":[],"meta":{}},{"ancestorTitles":["API Middleware","withAuth"],"fullName":"API Middleware withAuth should return 401 when not authenticated","status":"passed","title":"should return 401 when not authenticated","duration":1.9916999999998097,"failureMessages":[],"meta":{}},{"ancestorTitles":["API Middleware","withAuth"],"fullName":"API Middleware withAuth should return 404 when user not found in database","status":"passed","title":"should return 404 when user not found in database","duration":3.147399999999834,"failureMessages":[],"meta":{}},{"ancestorTitles":["API Middleware","withAuth"],"fullName":"API Middleware withAuth should handle authentication errors gracefully","status":"passed","title":"should handle authentication errors gracefully","duration":5.716899999999896,"failureMessages":[],"meta":{}},{"ancestorTitles":["API Middleware","withAuth"],"fullName":"API Middleware withAuth should pass deletedAt: null in user query to filter soft-deleted users","status":"passed","title":"should pass deletedAt: null in user query to filter soft-deleted users","duration":4.342499999999973,"failureMessages":[],"meta":{}},{"ancestorTitles":["API Middleware","withAuth","user status checks"],"fullName":"API Middleware withAuth user status checks should return 403 for SUSPENDED users","status":"passed","title":"should return 403 for SUSPENDED users","duration":4.668700000000172,"failureMessages":[],"meta":{}},{"ancestorTitles":["API Middleware","withAuth","user status checks"],"fullName":"API Middleware withAuth user status checks should return 403 for BANNED users","status":"passed","title":"should return 403 for BANNED users","duration":1.6766000000000076,"failureMessages":[],"meta":{}},{"ancestorTitles":["API Middleware","withAuth","user status checks"],"fullName":"API Middleware withAuth user status checks should return 403 for DEACTIVATED users","status":"passed","title":"should return 403 for DEACTIVATED users","duration":1.411100000000033,"failureMessages":[],"meta":{}},{"ancestorTitles":["API Middleware","withAuth","user status checks"],"fullName":"API Middleware withAuth user status checks should return 403 for ARCHIVED users","status":"passed","title":"should return 403 for ARCHIVED users","duration":1.2757999999998901,"failureMessages":[],"meta":{}},{"ancestorTitles":["API Middleware","withAuth","user status checks"],"fullName":"API Middleware withAuth user status checks should allow ACTIVE users through","status":"passed","title":"should allow ACTIVE users through","duration":10.487700000000132,"failureMessages":[],"meta":{}},{"ancestorTitles":["API Middleware","withAuth","admin role resolution"],"fullName":"API Middleware withAuth admin role resolution should fetch AdminProfile and populate adminRole for ADMIN users","status":"passed","title":"should fetch AdminProfile and populate adminRole for ADMIN users","duration":16.216000000000122,"failureMessages":[],"meta":{}},{"ancestorTitles":["API Middleware","withAuth","admin role resolution"],"fullName":"API Middleware withAuth admin role resolution should NOT fetch AdminProfile for non-admin users","status":"passed","title":"should NOT fetch AdminProfile for non-admin users","duration":2.2850999999998294,"failureMessages":[],"meta":{}},{"ancestorTitles":["API Middleware","withAuth","admin role resolution"],"fullName":"API Middleware withAuth admin role resolution should return 403 when admin profile is inactive","status":"passed","title":"should return 403 when admin profile is inactive","duration":1.4954999999999927,"failureMessages":[],"meta":{}},{"ancestorTitles":["API Middleware","withAuth","admin role resolution"],"fullName":"API Middleware withAuth admin role resolution should allow admin users without an AdminProfile (adminRole will be undefined)","status":"passed","title":"should allow admin users without an AdminProfile (adminRole will be undefined)","duration":1.8642999999999574,"failureMessages":[],"meta":{}},{"ancestorTitles":["API Middleware","withRole"],"fullName":"API Middleware withRole should allow access when user has required role","status":"passed","title":"should allow access when user has required role","duration":2.276100000000042,"failureMessages":[],"meta":{}},{"ancestorTitles":["API Middleware","withRole"],"fullName":"API Middleware withRole should deny access when user lacks required role","status":"passed","title":"should deny access when user lacks required role","duration":7.671199999999999,"failureMessages":[],"meta":{}},{"ancestorTitles":["API Middleware","withRole"],"fullName":"API Middleware withRole should allow access when user has one of multiple allowed roles","status":"passed","title":"should allow access when user has one of multiple allowed roles","duration":2.8395000000000437,"failureMessages":[],"meta":{}},{"ancestorTitles":["API Middleware","withAdminRole"],"fullName":"API Middleware withAdminRole should allow access for the exact required admin role","status":"passed","title":"should allow access for the exact required admin role","duration":1.8489000000001852,"failureMessages":[],"meta":{}},{"ancestorTitles":["API Middleware","withAdminRole"],"fullName":"API Middleware withAdminRole should allow SUPER_ADMIN to bypass any admin role check","status":"passed","title":"should allow SUPER_ADMIN to bypass any admin role check","duration":1.483199999999897,"failureMessages":[],"meta":{}},{"ancestorTitles":["API Middleware","withAdminRole"],"fullName":"API Middleware withAdminRole should deny access when admin role does not match required role","status":"passed","title":"should deny access when admin role does not match required role","duration":1.4787000000001171,"failureMessages":[],"meta":{}},{"ancestorTitles":["API Middleware","withAdminRole"],"fullName":"API Middleware withAdminRole should deny access for non-admin users","status":"passed","title":"should deny access for non-admin users","duration":4.91599999999994,"failureMessages":[],"meta":{}},{"ancestorTitles":["API Middleware","withAdminRole"],"fullName":"API Middleware withAdminRole should deny access when admin user has no AdminProfile","status":"passed","title":"should deny access when admin user has no AdminProfile","duration":3.4815000000000964,"failureMessages":[],"meta":{}},{"ancestorTitles":["API Middleware","withAdminRole"],"fullName":"API Middleware withAdminRole should deny access when admin profile is inactive","status":"passed","title":"should deny access when admin profile is inactive","duration":2.1376000000000204,"failureMessages":[],"meta":{}},{"ancestorTitles":["API Middleware","withAdminRole"],"fullName":"API Middleware withAdminRole should allow access when admin has one of multiple allowed roles","status":"passed","title":"should allow access when admin has one of multiple allowed roles","duration":1.3158000000000811,"failureMessages":[],"meta":{}},{"ancestorTitles":["API Middleware","withAdminRole"],"fullName":"API Middleware withAdminRole should still block suspended admin users before role check","status":"passed","title":"should still block suspended admin users before role check","duration":1.5615000000000236,"failureMessages":[],"meta":{}}],"startTime":1775272516262,"endTime":1775272516446.5615,"status":"passed","message":"","name":"C:/Users/User/build-market/apps/client/__tests__/lib/api-middleware.test.ts"},{"assertionResults":[{"ancestorTitles":["calendar browser client"],"fullName":"calendar browser client returns typed list records with normalized date strings","status":"passed","title":"returns typed list records with normalized date strings","duration":77.17820000000006,"failureMessages":[],"meta":{}},{"ancestorTitles":["calendar browser client"],"fullName":"calendar browser client returns typed detail records for page consumers","status":"passed","title":"returns typed detail records for page consumers","duration":9.323699999999917,"failureMessages":[],"meta":{}}],"startTime":1775272527776,"endTime":1775272527862.3237,"status":"passed","message":"","name":"C:/Users/User/build-market/apps/client/__tests__/lib/calendar-client.test.ts"},{"assertionResults":[{"ancestorTitles":["CORS helper"],"fullName":"CORS helper allows credentialed CORS only for explicitly trusted origins","status":"failed","title":"allows credentialed CORS only for explicitly trusted origins","duration":15.619500000000016,"failureMessages":["AssertionError: expected undefined to be 'https://partner.example' // Object.is equality\n    at C:/Users/User/build-market/apps/client/__tests__/lib/cors.test.ts:22:52\n    at file:///C:/Users/User/build-market/node_modules/.pnpm/@vitest+runner@4.0.18/node_modules/@vitest/runner/dist/index.js:145:11\n    at file:///C:/Users/User/build-market/node_modules/.pnpm/@vitest+runner@4.0.18/node_modules/@vitest/runner/dist/index.js:915:26\n    at file:///C:/Users/User/build-market/node_modules/.pnpm/@vitest+runner@4.0.18/node_modules/@vitest/runner/dist/index.js:1243:20\n    at new Promise (<anonymous>)\n    at runWithTimeout (file:///C:/Users/User/build-market/node_modules/.pnpm/@vitest+runner@4.0.18/node_modules/@vitest/runner/dist/index.js:1209:10)\n    at file:///C:/Users/User/build-market/node_modules/.pnpm/@vitest+runner@4.0.18/node_modules/@vitest/runner/dist/index.js:1653:37\n    at Traces.$ (file:///C:/Users/User/build-market/node_modules/.pnpm/vitest@4.0.18_@opentelemetr_4045825a8e2689d0628dfcfd29045300/node_modules/vitest/dist/chunks/traces.CCmnQaNT.js:142:27)\n    at trace (file:///C:/Users/User/build-market/node_modules/.pnpm/vitest@4.0.18_@opentelemetr_4045825a8e2689d0628dfcfd29045300/node_modules/vitest/dist/chunks/test.B8ej_ZHS.js:239:21)\n    at runTest (file:///C:/Users/User/build-market/node_modules/.pnpm/@vitest+runner@4.0.18/node_modules/@vitest/runner/dist/index.js:1653:12)"],"meta":{}},{"ancestorTitles":["CORS helper"],"fullName":"CORS helper rejects disallowed preflight requests","status":"passed","title":"rejects disallowed preflight requests","duration":5.054399999999987,"failureMessages":[],"meta":{}},{"ancestorTitles":["CORS helper"],"fullName":"CORS helper includes env-driven dev origins only in development","status":"failed","title":"includes env-driven dev origins only in development","duration":5.59030000000007,"failureMessages":["AssertionError: expected false to be true // Object.is equality\n    at C:/Users/User/build-market/apps/client/__tests__/lib/cors.test.ts:37:58\n    at file:///C:/Users/User/build-market/node_modules/.pnpm/@vitest+runner@4.0.18/node_modules/@vitest/runner/dist/index.js:145:11\n    at file:///C:/Users/User/build-market/node_modules/.pnpm/@vitest+runner@4.0.18/node_modules/@vitest/runner/dist/index.js:915:26\n    at file:///C:/Users/User/build-market/node_modules/.pnpm/@vitest+runner@4.0.18/node_modules/@vitest/runner/dist/index.js:1243:20\n    at new Promise (<anonymous>)\n    at runWithTimeout (file:///C:/Users/User/build-market/node_modules/.pnpm/@vitest+runner@4.0.18/node_modules/@vitest/runner/dist/index.js:1209:10)\n    at file:///C:/Users/User/build-market/node_modules/.pnpm/@vitest+runner@4.0.18/node_modules/@vitest/runner/dist/index.js:1653:37\n    at Traces.$ (file:///C:/Users/User/build-market/node_modules/.pnpm/vitest@4.0.18_@opentelemetr_4045825a8e2689d0628dfcfd29045300/node_modules/vitest/dist/chunks/traces.CCmnQaNT.js:142:27)\n    at trace (file:///C:/Users/User/build-market/node_modules/.pnpm/vitest@4.0.18_@opentelemetr_4045825a8e2689d0628dfcfd29045300/node_modules/vitest/dist/chunks/test.B8ej_ZHS.js:239:21)\n    at runTest (file:///C:/Users/User/build-market/node_modules/.pnpm/@vitest+runner@4.0.18/node_modules/@vitest/runner/dist/index.js:1653:12)"],"meta":{}},{"ancestorTitles":["CORS helper"],"fullName":"CORS helper provides a shared OPTIONS handler wrapper","status":"failed","title":"provides a shared OPTIONS handler wrapper","duration":5.3735000000000355,"failureMessages":["AssertionError: expected 403 to be 204 // Object.is equality\n    at C:/Users/User/build-market/apps/client/__tests__/lib/cors.test.ts:55:29\n    at file:///C:/Users/User/build-market/node_modules/.pnpm/@vitest+runner@4.0.18/node_modules/@vitest/runner/dist/index.js:145:11\n    at file:///C:/Users/User/build-market/node_modules/.pnpm/@vitest+runner@4.0.18/node_modules/@vitest/runner/dist/index.js:915:26\n    at file:///C:/Users/User/build-market/node_modules/.pnpm/@vitest+runner@4.0.18/node_modules/@vitest/runner/dist/index.js:1243:20\n    at new Promise (<anonymous>)\n    at runWithTimeout (file:///C:/Users/User/build-market/node_modules/.pnpm/@vitest+runner@4.0.18/node_modules/@vitest/runner/dist/index.js:1209:10)\n    at file:///C:/Users/User/build-market/node_modules/.pnpm/@vitest+runner@4.0.18/node_modules/@vitest/runner/dist/index.js:1653:37\n    at Traces.$ (file:///C:/Users/User/build-market/node_modules/.pnpm/vitest@4.0.18_@opentelemetr_4045825a8e2689d0628dfcfd29045300/node_modules/vitest/dist/chunks/traces.CCmnQaNT.js:142:27)\n    at trace (file:///C:/Users/User/build-market/node_modules/.pnpm/vitest@4.0.18_@opentelemetr_4045825a8e2689d0628dfcfd29045300/node_modules/vitest/dist/chunks/test.B8ej_ZHS.js:239:21)\n    at runTest (file:///C:/Users/User/build-market/node_modules/.pnpm/@vitest+runner@4.0.18/node_modules/@vitest/runner/dist/index.js:1653:12)"],"meta":{}}],"startTime":1775272475620,"endTime":1775272475652.3735,"status":"failed","message":"","name":"C:/Users/User/build-market/apps/client/__tests__/lib/cors.test.ts"},{"assertionResults":[{"ancestorTitles":["dashboard browser clients"],"fullName":"dashboard browser clients normalizes portfolio list envelopes into items","status":"passed","title":"normalizes portfolio list envelopes into items","duration":78.37029999999982,"failureMessages":[],"meta":{}},{"ancestorTitles":["dashboard browser clients"],"fullName":"dashboard browser clients normalizes professional orders into dashboard-safe order items","status":"passed","title":"normalizes professional orders into dashboard-safe order items","duration":5.375999999999976,"failureMessages":[],"meta":{}},{"ancestorTitles":["dashboard browser clients"],"fullName":"dashboard browser clients normalizes inventory alerts list payloads","status":"passed","title":"normalizes inventory alerts list payloads","duration":5.251899999999978,"failureMessages":[],"meta":{}},{"ancestorTitles":["dashboard browser clients"],"fullName":"dashboard browser clients serializes dashboard lead filters and preserves the list envelope","status":"passed","title":"serializes dashboard lead filters and preserves the list envelope","duration":3.914700000000039,"failureMessages":[],"meta":{}},{"ancestorTitles":["dashboard browser clients"],"fullName":"dashboard browser clients returns normalized pipeline summaries for dashboard consumers","status":"passed","title":"returns normalized pipeline summaries for dashboard consumers","duration":3.9880000000000564,"failureMessages":[],"meta":{}},{"ancestorTitles":["dashboard browser clients"],"fullName":"dashboard browser clients returns dashboard metrics and top products from normalized clients","status":"passed","title":"returns dashboard metrics and top products from normalized clients","duration":3.7648000000001502,"failureMessages":[],"meta":{}}],"startTime":1775272526361,"endTime":1775272526462.765,"status":"passed","message":"","name":"C:/Users/User/build-market/apps/client/__tests__/lib/dashboard-browser-clients.test.ts"},{"assertionResults":[{"ancestorTitles":["inquiries client contracts"],"fullName":"inquiries client contracts normalizes inquiry list responses into items plus pagination","status":"passed","title":"normalizes inquiry list responses into items plus pagination","duration":76.77070000000003,"failureMessages":[],"meta":{}},{"ancestorTitles":["inquiries client contracts"],"fullName":"inquiries client contracts normalizes inquiry detail responses and preserves editable fields","status":"failed","title":"normalizes inquiry detail responses and preserves editable fields","duration":30.71640000000002,"failureMessages":["AssertionError: expected undefined to be 'Jane Doe' // Object.is equality\n    at C:/Users/User/build-market/apps/client/__tests__/lib/inquiries-client-contracts.test.ts:110:29\n    at processTicksAndRejections (node:internal/process/task_queues:103:5)\n    at file:///C:/Users/User/build-market/node_modules/.pnpm/@vitest+runner@4.0.18/node_modules/@vitest/runner/dist/index.js:915:20"],"meta":{}},{"ancestorTitles":["inquiries client contracts"],"fullName":"inquiries client contracts sends null preferred viewing dates through the update contract","status":"passed","title":"sends null preferred viewing dates through the update contract","duration":2.0720999999999776,"failureMessages":[],"meta":{}}],"startTime":1775272472684,"endTime":1775272472793.072,"status":"failed","message":"","name":"C:/Users/User/build-market/apps/client/__tests__/lib/inquiries-client-contracts.test.ts"},{"assertionResults":[{"ancestorTitles":["messaging client contracts"],"fullName":"messaging client contracts uses conversation messages endpoint for list queries","status":"passed","title":"uses conversation messages endpoint for list queries","duration":87.6069,"failureMessages":[],"meta":{}}],"startTime":1775272535836,"endTime":1775272535923.607,"status":"passed","message":"","name":"C:/Users/User/build-market/apps/client/__tests__/lib/messaging-client-contracts.test.ts"},{"assertionResults":[{"ancestorTitles":["middleware decision log"],"fullName":"middleware decision log emits stable middleware event payload","status":"passed","title":"emits stable middleware event payload","duration":20.579800000000205,"failureMessages":[],"meta":{}}],"startTime":1775272571394,"endTime":1775272571414.5798,"status":"passed","message":"","name":"C:/Users/User/build-market/apps/client/__tests__/lib/middleware-decision-log.test.ts"},{"assertionResults":[{"ancestorTitles":["middleware resolvers"],"fullName":"middleware resolvers resolves onboarding from metadata with high confidence","status":"passed","title":"resolves onboarding from metadata with high confidence","duration":4.1252000000000635,"failureMessages":[],"meta":{}},{"ancestorTitles":["middleware resolvers"],"fullName":"middleware resolvers returns indeterminate onboarding status in lenient mode when secret is missing","status":"passed","title":"returns indeterminate onboarding status in lenient mode when secret is missing","duration":9.961099999999988,"failureMessages":[],"meta":{}},{"ancestorTitles":["middleware resolvers"],"fullName":"middleware resolvers returns strict fallback onboarding status when secret is missing","status":"passed","title":"returns strict fallback onboarding status when secret is missing","duration":0.7457999999999174,"failureMessages":[],"meta":{}},{"ancestorTitles":["middleware resolvers"],"fullName":"middleware resolvers logs warn instrumentation when internal onboarding status API returns non-ok","status":"passed","title":"logs warn instrumentation when internal onboarding status API returns non-ok","duration":2.6797000000000253,"failureMessages":[],"meta":{}},{"ancestorTitles":["middleware resolvers"],"fullName":"middleware resolvers logs info instrumentation when internal onboarding status API resolves successfully","status":"passed","title":"logs info instrumentation when internal onboarding status API resolves successfully","duration":1.4986999999999853,"failureMessages":[],"meta":{}},{"ancestorTitles":["middleware resolvers"],"fullName":"middleware resolvers returns fallback system settings when secret is missing","status":"passed","title":"returns fallback system settings when secret is missing","duration":0.8591999999999871,"failureMessages":[],"meta":{}},{"ancestorTitles":["middleware resolvers"],"fullName":"middleware resolvers returns fallback settings on non-ok internal settings response","status":"passed","title":"returns fallback settings on non-ok internal settings response","duration":0.7291999999999916,"failureMessages":[],"meta":{}}],"startTime":1775272568929,"endTime":1775272568949.7292,"status":"passed","message":"","name":"C:/Users/User/build-market/apps/client/__tests__/lib/middleware-resolvers.test.ts"},{"assertionResults":[{"ancestorTitles":["non-dashboard browser clients"],"fullName":"non-dashboard browser clients treats missing profile status as a null result","status":"passed","title":"treats missing profile status as a null result","duration":81.04770000000008,"failureMessages":[],"meta":{}},{"ancestorTitles":["non-dashboard browser clients"],"fullName":"non-dashboard browser clients sends consent updates through the bulk consent endpoint","status":"passed","title":"sends consent updates through the bulk consent endpoint","duration":13.78469999999993,"failureMessages":[],"meta":{}},{"ancestorTitles":["non-dashboard browser clients"],"fullName":"non-dashboard browser clients extracts uploaded onboarding files from the nested upload envelope","status":"passed","title":"extracts uploaded onboarding files from the nested upload envelope","duration":2.7491999999999734,"failureMessages":[],"meta":{}},{"ancestorTitles":["non-dashboard browser clients"],"fullName":"non-dashboard browser clients normalizes finance transaction lists into page-safe records","status":"passed","title":"normalizes finance transaction lists into page-safe records","duration":3.072300000000041,"failureMessages":[],"meta":{}},{"ancestorTitles":["non-dashboard browser clients"],"fullName":"non-dashboard browser clients normalizes portfolio detail payloads for page consumers","status":"passed","title":"normalizes portfolio detail payloads for page consumers","duration":3.503900000000158,"failureMessages":[],"meta":{}}],"startTime":1775272524801,"endTime":1775272524908.504,"status":"passed","message":"","name":"C:/Users/User/build-market/apps/client/__tests__/lib/non-dashboard-browser-clients.test.ts"},{"assertionResults":[{"ancestorTitles":["projects client contracts"],"fullName":"projects client contracts parses canonical project list envelope","status":"passed","title":"parses canonical project list envelope","duration":13.693199999999933,"failureMessages":[],"meta":{}},{"ancestorTitles":["projects client contracts"],"fullName":"projects client contracts rejects legacy project list envelope","status":"passed","title":"rejects legacy project list envelope","duration":3.141600000000153,"failureMessages":[],"meta":{}},{"ancestorTitles":["projects client contracts"],"fullName":"projects client contracts fails mutation validation for invalid enum values","status":"passed","title":"fails mutation validation for invalid enum values","duration":4.994100000000117,"failureMessages":[],"meta":{}}],"startTime":1775272563040,"endTime":1775272563061.9941,"status":"passed","message":"","name":"C:/Users/User/build-market/apps/client/__tests__/lib/projects-client-contracts.test.ts"},{"assertionResults":[{"ancestorTitles":["projects client facade rollout gate"],"fullName":"projects client facade rollout gate blocks generic reads through the public facade when the rollout gate is disabled","status":"passed","title":"blocks generic reads through the public facade when the rollout gate is disabled","duration":854.2850999999999,"failureMessages":[],"meta":{}},{"ancestorTitles":["projects client facade rollout gate"],"fullName":"projects client facade rollout gate keeps generic reads enabled but blocks generic mutations during read-only rollout","status":"failed","title":"keeps generic reads enabled but blocks generic mutations during read-only rollout","duration":144.26880000000006,"failureMessages":["AssertionError: expected false to be true // Object.is equality\n    at C:/Users/User/build-market/apps/client/__tests__/lib/projects-client-facade-gate.test.ts:60:32\n    at processTicksAndRejections (node:internal/process/task_queues:103:5)\n    at file:///C:/Users/User/build-market/node_modules/.pnpm/@vitest+runner@4.0.18/node_modules/@vitest/runner/dist/index.js:915:20"],"meta":{}},{"ancestorTitles":["projects client facade rollout gate"],"fullName":"projects client facade rollout gate allows generic mutations through the public facade when both rollout gates are enabled","status":"failed","title":"allows generic mutations through the public facade when both rollout gates are enabled","duration":39.39799999999991,"failureMessages":["AssertionError: expected false to be true // Object.is equality\n    at C:/Users/User/build-market/apps/client/__tests__/lib/projects-client-facade-gate.test.ts:100:28\n    at processTicksAndRejections (node:internal/process/task_queues:103:5)\n    at file:///C:/Users/User/build-market/node_modules/.pnpm/@vitest+runner@4.0.18/node_modules/@vitest/runner/dist/index.js:915:20"],"meta":{}}],"startTime":1775272469332,"endTime":1775272470370.398,"status":"failed","message":"","name":"C:/Users/User/build-market/apps/client/__tests__/lib/projects-client-facade-gate.test.ts"},{"assertionResults":[{"ancestorTitles":["projects client gate rollout"],"fullName":"projects client gate rollout blocks generic reads when generic API gate is disabled","status":"passed","title":"blocks generic reads when generic API gate is disabled","duration":454.62649999999996,"failureMessages":[],"meta":{}},{"ancestorTitles":["projects client gate rollout"],"fullName":"projects client gate rollout allows generic reads but blocks generic mutations in controlled rollout mode","status":"failed","title":"allows generic reads but blocks generic mutations in controlled rollout mode","duration":128.82220000000007,"failureMessages":["AssertionError: expected false to be true // Object.is equality\n    at C:/Users/User/build-market/apps/client/__tests__/lib/projects-client-gate.test.ts:48:32\n    at processTicksAndRejections (node:internal/process/task_queues:103:5)\n    at file:///C:/Users/User/build-market/node_modules/.pnpm/@vitest+runner@4.0.18/node_modules/@vitest/runner/dist/index.js:915:20"],"meta":{}},{"ancestorTitles":["projects client gate rollout"],"fullName":"projects client gate rollout allows generic mutations when mutation gate is enabled","status":"failed","title":"allows generic mutations when mutation gate is enabled","duration":32.49050000000011,"failureMessages":["AssertionError: expected false to be true // Object.is equality\n    at C:/Users/User/build-market/apps/client/__tests__/lib/projects-client-gate.test.ts:94:34\n    at processTicksAndRejections (node:internal/process/task_queues:103:5)\n    at file:///C:/Users/User/build-market/node_modules/.pnpm/@vitest+runner@4.0.18/node_modules/@vitest/runner/dist/index.js:915:20"],"meta":{}}],"startTime":1775272471001,"endTime":1775272471616.4905,"status":"failed","message":"","name":"C:/Users/User/build-market/apps/client/__tests__/lib/projects-client-gate.test.ts"},{"assertionResults":[{"ancestorTitles":["projects client context split"],"fullName":"projects client context split routes generic and portal list calls to distinct endpoints","status":"passed","title":"routes generic and portal list calls to distinct endpoints","duration":590.1818999999999,"failureMessages":[],"meta":{}},{"ancestorTitles":["projects client context split"],"fullName":"projects client context split returns operation-context parse errors from transport helper","status":"passed","title":"returns operation-context parse errors from transport helper","duration":49.15319999999997,"failureMessages":[],"meta":{}}],"startTime":1775272494522,"endTime":1775272495161.1533,"status":"passed","message":"","name":"C:/Users/User/build-market/apps/client/__tests__/lib/projects-client-split.test.ts"},{"assertionResults":[{"ancestorTitles":["properties client contracts"],"fullName":"properties client contracts uses my-listings endpoint for owner listings","status":"passed","title":"uses my-listings endpoint for owner listings","duration":72.19049999999993,"failureMessages":[],"meta":{}},{"ancestorTitles":["properties client contracts"],"fullName":"properties client contracts uses similar endpoint for related properties","status":"passed","title":"uses similar endpoint for related properties","duration":2.5581999999999425,"failureMessages":[],"meta":{}},{"ancestorTitles":["properties client contracts"],"fullName":"properties client contracts uses document-id endpoint with PATCH for document replacement","status":"passed","title":"uses document-id endpoint with PATCH for document replacement","duration":1.6052999999999429,"failureMessages":[],"meta":{}}],"startTime":1775272526365,"endTime":1775272526441.6052,"status":"passed","message":"","name":"C:/Users/User/build-market/apps/client/__tests__/lib/properties-client-contracts.test.ts"},{"assertionResults":[{"ancestorTitles":["CreatePropertySchema"],"fullName":"CreatePropertySchema accepts valid minimum input","status":"passed","title":"accepts valid minimum input","duration":12.529500000000098,"failureMessages":[],"meta":{}},{"ancestorTitles":["CreatePropertySchema"],"fullName":"CreatePropertySchema accepts valid full input","status":"passed","title":"accepts valid full input","duration":5.830399999999827,"failureMessages":[],"meta":{}},{"ancestorTitles":["CreatePropertySchema"],"fullName":"CreatePropertySchema rejects missing required title","status":"passed","title":"rejects missing required title","duration":3.105199999999968,"failureMessages":[],"meta":{}},{"ancestorTitles":["CreatePropertySchema"],"fullName":"CreatePropertySchema rejects missing required type","status":"passed","title":"rejects missing required type","duration":1.667699999999968,"failureMessages":[],"meta":{}},{"ancestorTitles":["CreatePropertySchema"],"fullName":"CreatePropertySchema rejects missing required price","status":"passed","title":"rejects missing required price","duration":1.0992000000001099,"failureMessages":[],"meta":{}},{"ancestorTitles":["CreatePropertySchema"],"fullName":"CreatePropertySchema rejects invalid enum values","status":"passed","title":"rejects invalid enum values","duration":0.8384000000000924,"failureMessages":[],"meta":{}},{"ancestorTitles":["CreatePropertySchema"],"fullName":"CreatePropertySchema rejects negative price","status":"passed","title":"rejects negative price","duration":0.9531000000001768,"failureMessages":[],"meta":{}},{"ancestorTitles":["CreatePropertySchema"],"fullName":"CreatePropertySchema rejects attachment without asset or legacy file reference","status":"passed","title":"rejects attachment without asset or legacy file reference","duration":1.2674000000001797,"failureMessages":[],"meta":{}},{"ancestorTitles":["CreatePropertySchema"],"fullName":"CreatePropertySchema accepts attachment without title when an asset reference is present","status":"passed","title":"accepts attachment without title when an asset reference is present","duration":0.8870999999999185,"failureMessages":[],"meta":{}},{"ancestorTitles":["CreatePropertySchema"],"fullName":"CreatePropertySchema rejects document with invalid date range","status":"passed","title":"rejects document with invalid date range","duration":2.2818999999999505,"failureMessages":[],"meta":{}},{"ancestorTitles":["CreatePropertySchema"],"fullName":"CreatePropertySchema rejects multiple main images","status":"passed","title":"rejects multiple main images","duration":0.870600000000195,"failureMessages":[],"meta":{}},{"ancestorTitles":["UpdatePropertySchema"],"fullName":"UpdatePropertySchema accepts all fields as optional","status":"passed","title":"accepts all fields as optional","duration":24.899199999999837,"failureMessages":[],"meta":{}},{"ancestorTitles":["UpdatePropertySchema"],"fullName":"UpdatePropertySchema accepts valid partial update","status":"passed","title":"accepts valid partial update","duration":0.5462999999999738,"failureMessages":[],"meta":{}},{"ancestorTitles":["UpdatePropertySchema"],"fullName":"UpdatePropertySchema rejects invalid values","status":"passed","title":"rejects invalid values","duration":1.1583999999998014,"failureMessages":[],"meta":{}},{"ancestorTitles":["UpdatePropertySchema"],"fullName":"UpdatePropertySchema accepts status field","status":"passed","title":"accepts status field","duration":0.6005000000000109,"failureMessages":[],"meta":{}},{"ancestorTitles":["UpdatePropertySchema"],"fullName":"UpdatePropertySchema rejects invalid status","status":"passed","title":"rejects invalid status","duration":0.8782000000001062,"failureMessages":[],"meta":{}},{"ancestorTitles":["UpdatePropertySchema"],"fullName":"UpdatePropertySchema rejects mismatched coordinates and latitude/longitude","status":"passed","title":"rejects mismatched coordinates and latitude/longitude","duration":1.2278999999998632,"failureMessages":[],"meta":{}},{"ancestorTitles":["UpdatePropertySchema"],"fullName":"UpdatePropertySchema accepts legacy file-url attachment fallback","status":"passed","title":"accepts legacy file-url attachment fallback","duration":0.9155000000000655,"failureMessages":[],"meta":{}},{"ancestorTitles":["BatchCreatePropertiesSchema"],"fullName":"BatchCreatePropertiesSchema accepts 1-5 properties","status":"passed","title":"accepts 1-5 properties","duration":1.0493999999998778,"failureMessages":[],"meta":{}},{"ancestorTitles":["BatchCreatePropertiesSchema"],"fullName":"BatchCreatePropertiesSchema rejects empty array","status":"passed","title":"rejects empty array","duration":0.6329000000000633,"failureMessages":[],"meta":{}},{"ancestorTitles":["BatchCreatePropertiesSchema"],"fullName":"BatchCreatePropertiesSchema rejects more than 5 properties","status":"passed","title":"rejects more than 5 properties","duration":5.992999999999938,"failureMessages":[],"meta":{}},{"ancestorTitles":["PropertyQuerySchema"],"fullName":"PropertyQuerySchema accepts valid query params","status":"passed","title":"accepts valid query params","duration":2.5898999999999432,"failureMessages":[],"meta":{}},{"ancestorTitles":["PropertyQuerySchema"],"fullName":"PropertyQuerySchema provides defaults for page and limit","status":"passed","title":"provides defaults for page and limit","duration":0.7798000000002503,"failureMessages":[],"meta":{}},{"ancestorTitles":["PropertyQuerySchema"],"fullName":"PropertyQuerySchema rejects invalid page value","status":"passed","title":"rejects invalid page value","duration":0.6604999999999563,"failureMessages":[],"meta":{}},{"ancestorTitles":["PropertyQuerySchema"],"fullName":"PropertyQuerySchema rejects invalid sortBy","status":"passed","title":"rejects invalid sortBy","duration":0.5993999999996049,"failureMessages":[],"meta":{}},{"ancestorTitles":["generatePropertySlug"],"fullName":"generatePropertySlug generates URL-safe slugs","status":"passed","title":"generates URL-safe slugs","duration":0.5769000000000233,"failureMessages":[],"meta":{}},{"ancestorTitles":["generatePropertySlug"],"fullName":"generatePropertySlug handles special characters","status":"passed","title":"handles special characters","duration":0.2749999999996362,"failureMessages":[],"meta":{}},{"ancestorTitles":["generatePropertySlug"],"fullName":"generatePropertySlug removes multiple hyphens","status":"passed","title":"removes multiple hyphens","duration":0.2333000000003267,"failureMessages":[],"meta":{}},{"ancestorTitles":["generatePropertySlug"],"fullName":"generatePropertySlug trims whitespace","status":"passed","title":"trims whitespace","duration":0.2826999999997497,"failureMessages":[],"meta":{}},{"ancestorTitles":["generatePropertySlug"],"fullName":"generatePropertySlug limits length to 100 characters","status":"passed","title":"limits length to 100 characters","duration":0.40439999999989595,"failureMessages":[],"meta":{}}],"startTime":1775272530587,"endTime":1775272530665.4043,"status":"passed","message":"","name":"C:/Users/User/build-market/apps/client/__tests__/lib/properties-validation.test.ts"},{"assertionResults":[{"ancestorTitles":["secureAction"],"fullName":"secureAction returns a validation failure for invalid input","status":"passed","title":"returns a validation failure for invalid input","duration":64.97570000000019,"failureMessages":[],"meta":{}},{"ancestorTitles":["secureAction"],"fullName":"secureAction returns unauthorized when no clerk user is present","status":"passed","title":"returns unauthorized when no clerk user is present","duration":7.798800000000028,"failureMessages":[],"meta":{}},{"ancestorTitles":["secureAction"],"fullName":"secureAction resolves the actor and executes the handler","status":"passed","title":"resolves the actor and executes the handler","duration":4.248699999999872,"failureMessages":[],"meta":{}},{"ancestorTitles":["secureAction"],"fullName":"secureAction converts domain-style results into safe action failures","status":"passed","title":"converts domain-style results into safe action failures","duration":2.9959000000001197,"failureMessages":[],"meta":{}},{"ancestorTitles":["secureAction"],"fullName":"secureAction logs success outcome for instrumented actions","status":"passed","title":"logs success outcome for instrumented actions","duration":23.408999999999878,"failureMessages":[],"meta":{}},{"ancestorTitles":["secureAction"],"fullName":"secureAction logs validation failures as validation_error","status":"passed","title":"logs validation failures as validation_error","duration":3.5714000000000397,"failureMessages":[],"meta":{}},{"ancestorTitles":["secureAction"],"fullName":"secureAction blocks server actions from untrusted origins","status":"passed","title":"blocks server actions from untrusted origins","duration":44.55760000000009,"failureMessages":[],"meta":{}},{"ancestorTitles":["secureAction"],"fullName":"secureAction requires recent authentication when configured","status":"passed","title":"requires recent authentication when configured","duration":3.2192999999999756,"failureMessages":[],"meta":{}},{"ancestorTitles":["secureAction"],"fullName":"secureAction returns limit_exceeded when the secure action rate limit is exceeded","status":"passed","title":"returns limit_exceeded when the secure action rate limit is exceeded","duration":10.709100000000035,"failureMessages":[],"meta":{}},{"ancestorTitles":["secureAction"],"fullName":"secureAction enforces guards for actorless actions using auth-derived rate-limit keys","status":"passed","title":"enforces guards for actorless actions using auth-derived rate-limit keys","duration":4.06230000000005,"failureMessages":[],"meta":{}}],"startTime":1775272520287,"endTime":1775272520457.0623,"status":"passed","message":"","name":"C:/Users/User/build-market/apps/client/__tests__/lib/secure-action.test.ts"},{"assertionResults":[{"ancestorTitles":["security policies"],"fullName":"security policies allows thread read/send only for participants","status":"passed","title":"allows thread read/send only for participants","duration":4.315000000000055,"failureMessages":[],"meta":{}},{"ancestorTitles":["security policies"],"fullName":"security policies allows thread delete only for owner/admin","status":"passed","title":"allows thread delete only for owner/admin","duration":1.5252000000000407,"failureMessages":[],"meta":{}},{"ancestorTitles":["security policies"],"fullName":"security policies allows message delete for sender or thread admins","status":"passed","title":"allows message delete for sender or thread admins","duration":1.008100000000013,"failureMessages":[],"meta":{}},{"ancestorTitles":["security policies"],"fullName":"security policies allows project manage only for project professional owner","status":"passed","title":"allows project manage only for project professional owner","duration":0.5877000000000407,"failureMessages":[],"meta":{}}],"startTime":1775272583230,"endTime":1775272583237.5876,"status":"passed","message":"","name":"C:/Users/User/build-market/apps/client/__tests__/lib/security-policies.test.ts"},{"assertionResults":[{"ancestorTitles":["storage configuration invariants"],"fullName":"storage configuration invariants allows local storage in non-production environments","status":"passed","title":"allows local storage in non-production environments","duration":3.712300000000141,"failureMessages":[],"meta":{}},{"ancestorTitles":["storage configuration invariants"],"fullName":"storage configuration invariants blocks the local storage provider in production","status":"failed","title":"blocks the local storage provider in production","duration":15.800600000000031,"failureMessages":["AssertionError: expected [Function] to throw an error\n    at Proxy.<anonymous> (file:///C:/Users/User/build-market/node_modules/.pnpm/@vitest+expect@4.0.18/node_modules/@vitest/expect/dist/index.js:1485:16)\n    at Proxy.<anonymous> (file:///C:/Users/User/build-market/node_modules/.pnpm/@vitest+expect@4.0.18/node_modules/@vitest/expect/dist/index.js:1090:14)\n    at Proxy.methodWrapper (file:///C:/Users/User/build-market/node_modules/.pnpm/chai@6.2.2/node_modules/chai/index.js:1700:25)\n    at C:/Users/User/build-market/apps/client/__tests__/lib/storage-config.test.ts:30:7\n    at file:///C:/Users/User/build-market/node_modules/.pnpm/@vitest+runner@4.0.18/node_modules/@vitest/runner/dist/index.js:145:11\n    at file:///C:/Users/User/build-market/node_modules/.pnpm/@vitest+runner@4.0.18/node_modules/@vitest/runner/dist/index.js:915:26\n    at file:///C:/Users/User/build-market/node_modules/.pnpm/@vitest+runner@4.0.18/node_modules/@vitest/runner/dist/index.js:1243:20\n    at new Promise (<anonymous>)\n    at runWithTimeout (file:///C:/Users/User/build-market/node_modules/.pnpm/@vitest+runner@4.0.18/node_modules/@vitest/runner/dist/index.js:1209:10)\n    at file:///C:/Users/User/build-market/node_modules/.pnpm/@vitest+runner@4.0.18/node_modules/@vitest/runner/dist/index.js:1653:37"],"meta":{}},{"ancestorTitles":["storage configuration invariants"],"fullName":"storage configuration invariants blocks relative upload origins in production","status":"failed","title":"blocks relative upload origins in production","duration":5.737300000000005,"failureMessages":["AssertionError: expected [Function] to throw error matching /CDN URL must be an absolute remote o…/i but got 'S3 storage configuration requires an …'\n    at Proxy.<anonymous> (file:///C:/Users/User/build-market/node_modules/.pnpm/@vitest+expect@4.0.18/node_modules/@vitest/expect/dist/index.js:1485:16)\n    at Proxy.<anonymous> (file:///C:/Users/User/build-market/node_modules/.pnpm/@vitest+expect@4.0.18/node_modules/@vitest/expect/dist/index.js:1090:14)\n    at Proxy.methodWrapper (file:///C:/Users/User/build-market/node_modules/.pnpm/chai@6.2.2/node_modules/chai/index.js:1700:25)\n    at C:/Users/User/build-market/apps/client/__tests__/lib/storage-config.test.ts:42:7\n    at file:///C:/Users/User/build-market/node_modules/.pnpm/@vitest+runner@4.0.18/node_modules/@vitest/runner/dist/index.js:145:11\n    at file:///C:/Users/User/build-market/node_modules/.pnpm/@vitest+runner@4.0.18/node_modules/@vitest/runner/dist/index.js:915:26\n    at file:///C:/Users/User/build-market/node_modules/.pnpm/@vitest+runner@4.0.18/node_modules/@vitest/runner/dist/index.js:1243:20\n    at new Promise (<anonymous>)\n    at runWithTimeout (file:///C:/Users/User/build-market/node_modules/.pnpm/@vitest+runner@4.0.18/node_modules/@vitest/runner/dist/index.js:1209:10)\n    at file:///C:/Users/User/build-market/node_modules/.pnpm/@vitest+runner@4.0.18/node_modules/@vitest/runner/dist/index.js:1653:37"],"meta":{}},{"ancestorTitles":["storage configuration invariants"],"fullName":"storage configuration invariants blocks same-origin upload delivery in production","status":"failed","title":"blocks same-origin upload delivery in production","duration":19.426299999999856,"failureMessages":["AssertionError: expected [Function] to throw an error\n    at Proxy.<anonymous> (file:///C:/Users/User/build-market/node_modules/.pnpm/@vitest+expect@4.0.18/node_modules/@vitest/expect/dist/index.js:1485:16)\n    at Proxy.<anonymous> (file:///C:/Users/User/build-market/node_modules/.pnpm/@vitest+expect@4.0.18/node_modules/@vitest/expect/dist/index.js:1090:14)\n    at Proxy.methodWrapper (file:///C:/Users/User/build-market/node_modules/.pnpm/chai@6.2.2/node_modules/chai/index.js:1700:25)\n    at C:/Users/User/build-market/apps/client/__tests__/lib/storage-config.test.ts:54:7\n    at file:///C:/Users/User/build-market/node_modules/.pnpm/@vitest+runner@4.0.18/node_modules/@vitest/runner/dist/index.js:145:11\n    at file:///C:/Users/User/build-market/node_modules/.pnpm/@vitest+runner@4.0.18/node_modules/@vitest/runner/dist/index.js:915:26\n    at file:///C:/Users/User/build-market/node_modules/.pnpm/@vitest+runner@4.0.18/node_modules/@vitest/runner/dist/index.js:1243:20\n    at new Promise (<anonymous>)\n    at runWithTimeout (file:///C:/Users/User/build-market/node_modules/.pnpm/@vitest+runner@4.0.18/node_modules/@vitest/runner/dist/index.js:1209:10)\n    at file:///C:/Users/User/build-market/node_modules/.pnpm/@vitest+runner@4.0.18/node_modules/@vitest/runner/dist/index.js:1653:37"],"meta
[...]
reMessages":[],"meta":{}},{"ancestorTitles":["ComplianceService","createAuditLog"],"fullName":"ComplianceService createAuditLog should handle audit log creation failures","status":"passed","title":"should handle audit log creation failures","duration":4.8275000000001,"failureMessages":[],"meta":{}},{"ancestorTitles":["ComplianceService","getSecurityIncidents"],"fullName":"ComplianceService getSecurityIncidents should retrieve security incidents with filters","status":"passed","title":"should retrieve security incidents with filters","duration":5.337100000000191,"failureMessages":[],"meta":{}}],"startTime":1775272510805,"endTime":1775272511106.3372,"status":"passed","message":"","name":"C:/Users/User/build-market/apps/client/__tests__/lib/gdpr/services/compliance.test.ts"},{"assertionResults":[{"ancestorTitles":["ConsentService","updateConsent"],"fullName":"ConsentService updateConsent should create new consent record when none exists","status":"passed","title":"should create new consent record when none exists","duration":215.13740000000007,"failureMessages":[],"meta":{}},{"ancestorTitles":["ConsentService","updateConsent"],"fullName":"ConsentService updateConsent should update existing consent record","status":"passed","title":"should update existing consent record","duration":14.545100000000048,"failureMessages":[],"meta":{}},{"ancestorTitles":["ConsentService","updateConsent"],"fullName":"ConsentService updateConsent should update user legacy consent flags","status":"passed","title":"should update user legacy consent flags","duration":18.94730000000004,"failureMessages":[],"meta":{}},{"ancestorTitles":["ConsentService","updateConsent"],"fullName":"ConsentService updateConsent should handle database errors during consent update","status":"passed","title":"should handle database errors during consent update","duration":8.242700000000013,"failureMessages":[],"meta":{}},{"ancestorTitles":["ConsentService","updateConsent"],"fullName":"ConsentService updateConsent should rollback on transaction failure","status":"passed","title":"should rollback on transaction failure","duration":5.343299999999999,"failureMessages":[],"meta":{}},{"ancestorTitles":["ConsentService","getConsents"],"fullName":"ConsentService getConsents should retrieve all consents for a user","status":"passed","title":"should retrieve all consents for a user","duration":5.011000000000195,"failureMessages":[],"meta":{}},{"ancestorTitles":["ConsentService","getConsents"],"fullName":"ConsentService getConsents should return empty array for user with no consents","status":"passed","title":"should return empty array for user with no consents","duration":4.154999999999973,"failureMessages":[],"meta":{}},{"ancestorTitles":["ConsentService","getConsents"],"fullName":"ConsentService getConsents should handle database errors during consent retrieval","status":"passed","title":"should handle database errors during consent retrieval","duration":3.8842000000001917,"failureMessages":[],"meta":{}},{"ancestorTitles":["ConsentService","getConsentHistory"],"fullName":"ConsentService getConsentHistory should retrieve consent change history","status":"passed","title":"should retrieve consent change history","duration":3.969400000000178,"failureMessages":[],"meta":{}},{"ancestorTitles":["ConsentService","revokeAllConsents"],"fullName":"ConsentService revokeAllConsents should revoke all active consents for a user","status":"passed","title":"should revoke all active consents for a user","duration":5.535599999999931,"failureMessages":[],"meta":{}},{"ancestorTitles":["ConsentService","revokeAllConsents"],"fullName":"ConsentService revokeAllConsents should return zero count if no active consents exist","status":"passed","title":"should return zero count if no active consents exist","duration":4.865700000000061,"failureMessages":[],"meta":{}},{"ancestorTitles":["ConsentService","revokeAllConsents"],"fullName":"ConsentService revokeAllConsents should handle transaction rollback during bulk revoke","status":"passed","title":"should handle transaction rollback during bulk revoke","duration":4.873000000000047,"failureMessages":[],"meta":{}}],"startTime":1775272509262,"endTime":1775272509558.873,"status":"passed","message":"","name":"C:/Users/User/build-market/apps/client/__tests__/lib/gdpr/services/consent.test.ts"},{"assertionResults":[{"ancestorTitles":["ExportService","requestExport"],"fullName":"ExportService requestExport should successfully create export request","status":"passed","title":"should successfully create export request","duration":350.8291999999999,"failureMessages":[],"meta":{}},{"ancestorTitles":["ExportService","requestExport"],"fullName":"ExportService requestExport should reject duplicate export request","status":"passed","title":"should reject duplicate export request","duration":6.739000000000033,"failureMessages":[],"meta":{}},{"ancestorTitles":["ExportService","requestExport"],"fullName":"ExportService requestExport should enforce rate limiting (1 per day)","status":"passed","title":"should enforce rate limiting (1 per day)","duration":5.267900000000054,"failureMessages":[],"meta":{}},{"ancestorTitles":["ExportService","requestExport"],"fullName":"ExportService requestExport should handle database errors gracefully","status":"passed","title":"should handle database errors gracefully","duration":10.165499999999838,"failureMessages":[],"meta":{}},{"ancestorTitles":["ExportService","getExportStatus"],"fullName":"ExportService getExportStatus should return export status","status":"passed","title":"should return export status","duration":8.417700000000195,"failureMessages":[],"meta":{}},{"ancestorTitles":["ExportService","getExportStatus"],"fullName":"ExportService getExportStatus should mark expired exports","status":"passed","title":"should mark expired exports","duration":6.870499999999993,"failureMessages":[],"meta":{}},{"ancestorTitles":["ExportService","getExportStatus"],"fullName":"ExportService getExportStatus should return null for non-existent export","status":"passed","title":"should return null for non-existent export","duration":9.17690000000016,"failureMessages":[],"meta":{}},{"ancestorTitles":["ExportService","cancelExport"],"fullName":"ExportService cancelExport should cancel processing export","status":"passed","title":"should cancel processing export","duration":5.833300000000008,"failureMessages":[],"meta":{}},{"ancestorTitles":["ExportService","cancelExport"],"fullName":"ExportService cancelExport should not cancel completed export","status":"passed","title":"should not cancel completed export","duration":14.61609999999996,"failureMessages":[],"meta":{}},{"ancestorTitles":["ExportService","cancelExport"],"fullName":"ExportService cancelExport should throw error for non-existent export","status":"passed","title":"should throw error for non-existent export","duration":8.11180000000013,"failureMessages":[],"meta":{}}],"startTime":1775272514522,"endTime":1775272514950.1118,"status":"passed","message":"","name":"C:/Users/User/build-market/apps/client/__tests__/lib/gdpr/services/export.test.ts"},{"assertionResults":[{"ancestorTitles":["FieldEncryption","Key Configuration"],"fullName":"FieldEncryption Key Configuration should throw error when no encryption keys are configured","status":"passed","title":"should throw error when no encryption keys are configured","duration":435.2105,"failureMessages":[],"meta":{}},{"ancestorTitles":["FieldEncryption","Key Configuration"],"fullName":"FieldEncryption Key Configuration should throw error when key is not 64 hex characters","status":"passed","title":"should throw error when key is not 64 hex characters","duration":3.2126999999998134,"failureMessages":[],"meta":{}},{"ancestorTitles":["FieldEncryption","Key Configuration"],"fullName":"FieldEncryption Key Configuration should throw error when CURRENT_KEY_VERSION is not configured","status":"passed","title":"should throw error when CURRENT_KEY_VERSION is not configured","duration":3.3360000000000127,"failureMessages":[],"meta":{}},{"ancestorTitles":["FieldEncryption","Key Configuration"],"fullName":"FieldEncryption Key Configuration should load legacy ENCRYPTION_KEY as v1 fallback","status":"passed","title":"should load legacy ENCRYPTION_KEY as v1 fallback","duration":5.775900000000092,"failureMessages":[],"meta":{}},{"ancestorTitles":["FieldEncryption","Key Configuration"],"fullName":"FieldEncryption Key Configuration should validate configuration correctly","status":"passed","title":"should validate configuration correctly","duration":3.294399999999996,"failureMessages":[],"meta":{}},{"ancestorTitles":["FieldEncryption","Deterministic Encryption"],"fullName":"FieldEncryption Deterministic Encryption should produce same output for same input","status":"passed","title":"should produce same output for same input","duration":4.964200000000119,"failureMessages":[],"meta":{}},{"ancestorTitles":["FieldEncryption","Deterministic Encryption"],"fullName":"FieldEncryption Deterministic Encryption should include version prefix in output","status":"passed","title":"should include version prefix in output","duration":2.371399999999994,"failureMessages":[],"meta":{}},{"ancestorTitles":["FieldEncryption","Deterministic Encryption"],"fullName":"FieldEncryption Deterministic Encryption should have correct format: version:iv:authTag:encrypted","status":"passed","title":"should have correct format: version:iv:authTag:encrypted","duration":4.02110000000016,"failureMessages":[],"meta":{}},{"ancestorTitles":["FieldEncryption","Deterministic Encryption"],"fullName":"FieldEncryption Deterministic Encryption should return empty string for empty input","status":"passed","title":"should return empty string for empty input","duration":2.1866999999999734,"failureMessages":[],"meta":{}},{"ancestorTitles":["FieldEncryption","Randomized Encryption"],"fullName":"FieldEncryption Randomized Encryption should produce different output for same input","status":"passed","title":"should produce different output for same input","duration":4.148300000000063,"failureMessages":[],"meta":{}},{"ancestorTitles":["FieldEncryption","Randomized Encryption"],"fullName":"FieldEncryption Randomized Encryption should include version prefix in output","status":"passed","title":"should include version prefix in output","duration":2.8251999999999953,"failureMessages":[],"meta":{}},{"ancestorTitles":["FieldEncryption","Randomized Encryption"],"fullName":"FieldEncryption Randomized Encryption should return empty string for empty input","status":"passed","title":"should return empty string for empty input","duration":1.8736999999998716,"failureMessages":[],"meta":{}},{"ancestorTitles":["FieldEncryption","Decryption"],"fullName":"FieldEncryption Decryption should decrypt deterministically encrypted data","status":"passed","title":"should decrypt deterministically encrypted data","duration":3.156199999999899,"failureMessages":[],"meta":{}},{"ancestorTitles":["FieldEncryption","Decryption"],"fullName":"FieldEncryption Decryption should decrypt randomized encrypted data","status":"passed","title":"should decrypt randomized encrypted data","duration":28.118900000000167,"failureMessages":[],"meta":{}},{"ancestorTitles":["FieldEncryption","Decryption"],"fullName":"FieldEncryption Decryption should return original text for non-encrypted input","status":"passed","title":"should return original text for non-encrypted input","duration":6.269600000000082,"failureMessages":[],"meta":{}},{"ancestorTitles":["FieldEncryption","Decryption"],"fullName":"FieldEncryption Decryption should handle empty input","status":"passed","title":"should handle empty input","duration":1.8990999999998621,"failureMessages":[],"meta":{}},{"ancestorTitles":["FieldEncryption","Decryption"],"fullName":"FieldEncryption Decryption should handle text without colons","status":"passed","title":"should handle text without colons","duration":1.6948999999999614,"failureMessages":[],"meta":{}},{"ancestorTitles":["FieldEncryption","Legacy Format Support"],"fullName":"FieldEncryption Legacy Format Support should detect legacy format correctly","status":"passed","title":"should detect legacy format correctly","duration":2.8233999999999924,"failureMessages":[],"meta":{}},{"ancestorTitles":["FieldEncryption","Legacy Format Support"],"fullName":"FieldEncryption Legacy Format Support should get key version from encrypted text","status":"passed","title":"should get key version from encrypted text","duration":2.039700000000039,"failureMessages":[],"meta":{}},{"ancestorTitles":["FieldEncryption","Legacy Format Support"],"fullName":"FieldEncryption Legacy Format Support should return v1 for legacy format","status":"passed","title":"should return v1 for legacy format","duration":1.829200000000128,"failureMessages":[],"meta":{}},{"ancestorTitles":["FieldEncryption","isEncrypted Detection"],"fullName":"FieldEncryption isEncrypted Detection should detect versioned encrypted format","status":"passed","title":"should detect versioned encrypted format","duration":2.572499999999991,"failureMessages":[],"meta":{}},{"ancestorTitles":["FieldEncryption","isEncrypted Detection"],"fullName":"FieldEncryption isEncrypted Detection should detect legacy encrypted format","status":"passed","title":"should detect legacy encrypted format","duration":2.0913000000000466,"failureMessages":[],"meta":{}},{"ancestorTitles":["FieldEncryption","isEncrypted Detection"],"fullName":"FieldEncryption isEncrypted Detection should return false for plain text","status":"passed","title":"should return false for plain text","duration":1.944300000000112,"failureMessages":[],"meta":{}},{"ancestorTitles":["FieldEncryption","Re-encryption for Key Rotation"],"fullName":"FieldEncryption Re-encryption for Key Rotation should re-encrypt data to current version","status":"passed","title":"should re-encrypt data to current version","duration":2.9625999999998385,"failureMessages":[],"meta":{}},{"ancestorTitles":["FieldEncryption","Re-encryption for Key Rotation"],"fullName":"FieldEncryption Re-encryption for Key Rotation should skip re-encryption if already on current version","status":"passed","title":"should skip re-encryption if already on current version","duration":3.2045999999998003,"failureMessages":[],"meta":{}},{"ancestorTitles":["FieldEncryption","Re-encryption for Key Rotation"],"fullName":"FieldEncryption Re-encryption for Key Rotation should handle empty input","status":"passed","title":"should handle empty input","duration":2.5347999999999047,"failureMessages":[],"meta":{}},{"ancestorTitles":["FieldEncryption","Error Handling"],"fullName":"FieldEncryption Error Handling should throw DecryptionError in production mode on failure","status":"passed","title":"should throw DecryptionError in production mode on failure","duration":49.96630000000005,"failureMessages":[],"meta":{}},{"ancestorTitles":["FieldEncryption","Error Handling"],"fullName":"FieldEncryption Error Handling should return original in migration mode on failure","status":"passed","title":"should return original in migration mode on failure","duration":3.8301000000001295,"failureMessages":[],"meta":{}},{"ancestorTitles":["FieldEncryption","Metadata"],"fullName":"FieldEncryption Metadata should return correct metadata","status":"passed","title":"should return correct metadata","duration":2.762499999999818,"failureMessages":[],"meta":{}},{"ancestorTitles":["FieldEncryption","Round-trip Tests"],"fullName":"FieldEncryption Round-trip Tests should round-trip various data types correctly","status":"passed","title":"should round-trip various data types correctly","duration":7.174299999999903,"failureMessages":[],"meta":{}}],"startTime":1775272512403,"endTime":1775272513007.1743,"status":"passed","message":"","name":"C:/Users/User/build-market/apps/client/app/lib/gdpr/encryption/__tests__/field-encryption.test.ts"},{"assertionResults":[{"ancestorTitles":["Export Service - Path Traversal Prevention","UUID Validation"],"fullName":"Export Service - Path Traversal Prevention UUID Validation should accept valid UUIDs","status":"passed","title":"should accept valid UUIDs","duration":3.8946999999999434,"failureMessages":[],"meta":{}},{"ancestorTitles":["Export Service - Path Traversal Prevention","UUID Validation"],"fullName":"Export Service - Path Traversal Prevention UUID Validation should reject invalid UUIDs","status":"passed","title":"should reject invalid UUIDs","duration":1.2152000000000953,"failureMessages":[],"meta":{}},{"ancestorTitles":["Export Service - Path Traversal Prevention","Path Containment"],"fullName":"Export Service - Path Traversal Prevention Path Containment should prevent path traversal attempts","status":"passed","title":"should prevent path traversal attempts","duration":1.0657999999999674,"failureMessages":[],"meta":{}},{"ancestorTitles":["Export Service - Path Traversal Prevention","Path Containment"],"fullName":"Export Service - Path Traversal Prevention Path Containment should allow valid subdirectory access","status":"passed","title":"should allow valid subdirectory access","duration":0.887299999999982,"failureMessages":[],"meta":{}},{"ancestorTitles":["Export Service - Path Traversal Prevention","getLocalExportFile Security"],"fullName":"Export Service - Path Traversal Prevention getLocalExportFile Security should reject non-UUID export IDs","status":"passed","title":"should reject non-UUID export IDs","duration":1.6992999999999938,"failureMessages":[],"meta":{}},{"ancestorTitles":["Export Service - Path Traversal Prevention","getLocalExportFile Security"],"fullName":"Export Service - Path Traversal Prevention getLocalExportFile Security should validate path stays within export directory","status":"passed","title":"should validate path stays within export directory","duration":0.8259000000000469,"failureMessages":[],"meta":{}},{"ancestorTitles":["Export Service - Path Traversal Prevention","Download Tracking"],"fullName":"Export Service - Path Traversal Prevention Download Tracking should increment download count on successful download","status":"passed","title":"should increment download count on successful download","duration":0.3977999999999611,"failureMessages":[],"meta":{}},{"ancestorTitles":["Export Service - Path Traversal Prevention","Download Tracking"],"fullName":"Export Service - Path Traversal Prevention Download Tracking should record downloadedAt timestamp","status":"passed","title":"should record downloadedAt timestamp","duration":0.703899999999976,"failureMessages":[],"meta":{}},{"ancestorTitles":["Export Service - Request Validation","User Authorization"],"fullName":"Export Service - Request Validation User Authorization should require user to own the export","status":"passed","title":"should require user to own the export","duration":0.47479999999995925,"failureMessages":[],"meta":{}},{"ancestorTitles":["Export Service - Request Validation","User Authorization"],"fullName":"Export Service - Request Validation User Authorization should allow export owner to access","status":"passed","title":"should allow export owner to access","duration":1.4365999999999985,"failureMessages":[],"meta":{}},{"ancestorTitles":["Export Service - Request Validation","Export Status Validation"],"fullName":"Export Service - Request Validation Export Status Validation should only allow completed exports to be downloaded","status":"passed","title":"should only allow completed exports to be downloaded","duration":0.6315000000000737,"failureMessages":[],"meta":{}},{"ancestorTitles":["Export Service - Request Validation","Expiry Validation"],"fullName":"Export Service - Request Validation Expiry Validation should reject expired exports","status":"passed","title":"should reject expired exports","duration":0.44040000000006785,"failureMessages":[],"meta":{}}],"startTime":1775272573754,"endTime":1775272573769.4404,"status":"passed","message":"","name":"C:/Users/User/build-market/apps/client/app/lib/gdpr/services/__tests__/export.service.test.ts"}]}