{"numTotalTestSuites":7,"numPassedTestSuites":6,"numFailedTestSuites":1,"numPendingTestSuites":0,"numTotalTests":16,"numPassedTests":16,"numFailedTests":0,"numPendingTests":0,"numTodoTests":0,"snapshot":{"added":0,"failure":false,"filesAdded":0,"filesRemoved":0,"filesRemovedList":[],"filesUnmatched":0,"filesUpdated":0,"matched":0,"total":0,"unchecked":0,"uncheckedKeysByFile":[],"unmatched":0,"updated":0,"didUpdate":false},"startTime":1772932907868,"success":false,"testResults":[{"assertionResults":[{"ancestorTitles":["Project payment routes"],"fullName":"Project payment routes returns cached idempotent response when already completed","status":"passed","title":"returns cached idempotent response when already completed","duration":9165.3157,"failureMessages":[],"meta":{}},{"ancestorTitles":["Project payment routes"],"fullName":"Project payment routes maps approve milestone domain not_found to 404","status":"passed","title":"maps approve milestone domain not_found to 404","duration":21.602900000001682,"failureMessages":[],"meta":{}},{"ancestorTitles":["Project payment routes"],"fullName":"Project payment routes maps fund escrow invalid transition to 400","status":"passed","title":"maps fund escrow invalid transition to 400","duration":15.234300000000076,"failureMessages":[],"meta":{}},{"ancestorTitles":["Project payment routes"],"fullName":"Project payment routes maps release milestone_not_approved to 400","status":"passed","title":"maps release milestone_not_approved to 400","duration":4.256100000002334,"failureMessages":[],"meta":{}},{"ancestorTitles":["Project payment routes"],"fullName":"Project payment routes completes idempotency on successful release","status":"passed","title":"completes idempotency on successful release","duration":3.955600000001141,"failureMessages":[],"meta":{}}],"startTime":1772932934272,"endTime":1772932943483.9556,"status":"passed","message":"","name":"C:/Users/User/build-market/apps/client/__tests__/api/projects/payment-routes.test.ts"},{"assertionResults":[],"startTime":1772932907868,"endTime":1772932907868,"status":"failed","message":"Cannot find module 'C:\\Users\\User\\build-market\\packages\\redis\\src\\client' imported from C:\\Users\\User\\build-market\\packages\\redis\\src\\index.ts","name":"C:/Users/User/build-market/apps/client/__tests__/api/projects/project-alias-parity.test.ts"},{"assertionResults":[{"ancestorTitles":["Project core routes"],"fullName":"Project core routes lists projects successfully","status":"passed","title":"lists projects successfully","duration":9538.947400000001,"failureMessages":[],"meta":{}},{"ancestorTitles":["Project core routes"],"fullName":"Project core routes returns 400 for invalid list query","status":"passed","title":"returns 400 for invalid list query","duration":20.98110000000088,"failureMessages":[],"meta":{}},{"ancestorTitles":["Project core routes"],"fullName":"Project core routes returns cached idempotent response for create project","status":"passed","title":"returns cached idempotent response for create project","duration":18.791999999997643,"failureMessages":[],"meta":{}},{"ancestorTitles":["Project core routes"],"fullName":"Project core routes returns project detail with ETag","status":"passed","title":"returns project detail with ETag","duration":3.17949999999837,"failureMessages":[],"meta":{}},{"ancestorTitles":["Project core routes"],"fullName":"Project core routes maps project detail not_found to 404","status":"passed","title":"maps project detail not_found to 404","duration":2.24920000000202,"failureMessages":[],"meta":{}},{"ancestorTitles":["Project core routes"],"fullName":"Project core routes requires If-Match for project patch","status":"passed","title":"requires If-Match for project patch","duration":4.687399999998888,"failureMessages":[],"meta":{}}],"startTime":1772932933905,"endTime":1772932943495.6875,"status":"passed","message":"","name":"C:/Users/User/build-market/apps/client/__tests__/api/projects/project-core-routes.test.ts"},{"assertionResults":[{"ancestorTitles":["Project item routes"],"fullName":"Project item routes returns document detail via item route","status":"passed","title":"returns document detail via item route","duration":16.974500000000262,"failureMessages":[],"meta":{}},{"ancestorTitles":["Project item routes"],"fullName":"Project item routes maps document delete not_found to 404","status":"passed","title":"maps document delete not_found to 404","duration":2.8204000000000633,"failureMessages":[],"meta":{}},{"ancestorTitles":["Project item routes"],"fullName":"Project item routes maps image get forbidden to 403","status":"passed","title":"maps image get forbidden to 403","duration":1.8076999999998407,"failureMessages":[],"meta":{}},{"ancestorTitles":["Project item routes"],"fullName":"Project item routes deletes image via item route","status":"passed","title":"deletes image via item route","duration":2.2485999999998967,"failureMessages":[],"meta":{}},{"ancestorTitles":["Project item routes"],"fullName":"Project item routes does not expose legacy collection delete handlers","status":"passed","title":"does not expose legacy collection delete handlers","duration":0.5232999999998356,"failureMessages":[],"meta":{}}],"startTime":1772932950817,"endTime":1772932950841.5232,"status":"passed","message":"","name":"C:/Users/User/build-market/apps/client/__tests__/api/projects/project-item-routes.test.ts"}]}