{"numTotalTestSuites":4,"numPassedTestSuites":4,"numFailedTestSuites":0,"numPendingTestSuites":0,"numTotalTests":7,"numPassedTests":7,"numFailedTests":0,"numPendingTests":0,"numTodoTests":0,"snapshot":{"added":0,"failure":false,"filesAdded":0,"filesRemoved":0,"filesRemovedList":[],"filesUnmatched":0,"filesUpdated":0,"matched":0,"total":0,"unchecked":0,"uncheckedKeysByFile":[],"unmatched":0,"updated":0,"didUpdate":false},"startTime":1773093576191,"success":true,"testResults":[{"assertionResults":[{"ancestorTitles":["normalizeProjectClientLabel"],"fullName":"normalizeProjectClientLabel returns full name when first and last name exist","status":"passed","title":"returns full name when first and last name exist","duration":1.7530000000006112,"failureMessages":[],"meta":{}},{"ancestorTitles":["normalizeProjectClientLabel"],"fullName":"normalizeProjectClientLabel falls back to email when names are missing","status":"passed","title":"falls back to email when names are missing","duration":0.34940000000005966,"failureMessages":[],"meta":{}},{"ancestorTitles":["normalizeProjectClientLabel"],"fullName":"normalizeProjectClientLabel falls back to default label when no participant fields exist","status":"passed","title":"falls back to default label when no participant fields exist","duration":0.37889999999970314,"failureMessages":[],"meta":{}},{"ancestorTitles":["normalizeProjectClientLabel"],"fullName":"normalizeProjectClientLabel maps generic projects into dashboard project cards for service providers","status":"passed","title":"maps generic projects into dashboard project cards for service providers","duration":108.35580000000027,"failureMessages":[],"meta":{}},{"ancestorTitles":["normalizeProjectClientLabel"],"fullName":"normalizeProjectClientLabel keeps generic projects enabled in the hybrid branch while also loading property widgets","status":"passed","title":"keeps generic projects enabled in the hybrid branch while also loading property widgets","duration":87.96770000000015,"failureMessages":[],"meta":{}}],"startTime":1773093580654,"endTime":1773093580852.9678,"status":"passed","message":"","name":"C:/Users/User/build-market/apps/client/__tests__/hooks/useDashboardData.test.ts"},{"assertionResults":[{"ancestorTitles":["useCreatePropertiesBatch"],"fullName":"useCreatePropertiesBatch forwards the batch payload and invalidates my-properties plus list caches","status":"passed","title":"forwards the batch payload and invalidates my-properties plus list caches","duration":121.9364999999998,"failureMessages":[],"meta":{}},{"ancestorTitles":["useCreatePropertiesBatch"],"fullName":"useCreatePropertiesBatch unwraps API errors and skips cache invalidation when batch creation fails","status":"passed","title":"unwraps API errors and skips cache invalidation when batch creation fails","duration":79.64030000000002,"failureMessages":[],"meta":{}}],"startTime":1773093579782,"endTime":1773093579983.6404,"status":"passed","message":"","name":"C:/Users/User/build-market/apps/client/__tests__/hooks/useProperties.test.tsx"}]}