{"numTotalTestSuites":2,"numPassedTestSuites":2,"numFailedTestSuites":0,"numPendingTestSuites":0,"numTotalTests":3,"numPassedTests":3,"numFailedTests":0,"numPendingTests":0,"numTodoTests":0,"snapshot":{"added":0,"failure":false,"filesAdded":0,"filesRemoved":0,"filesRemovedList":[],"filesUnmatched":0,"filesUpdated":0,"matched":0,"total":0,"unchecked":0,"uncheckedKeysByFile":[],"unmatched":0,"updated":0,"didUpdate":false},"startTime":1773090005346,"success":true,"testResults":[{"assertionResults":[{"ancestorTitles":["portfolioService"],"fullName":"portfolioService rejects portfolio creation when the professional limit is reached","status":"passed","title":"rejects portfolio creation when the professional limit is reached","duration":2.3197000000000116,"failureMessages":[],"meta":{}},{"ancestorTitles":["portfolioService"],"fullName":"portfolioService rejects image batches when an asset is owned by another user","status":"passed","title":"rejects image batches when an asset is owned by another user","duration":2.0113000000000056,"failureMessages":[],"meta":{}},{"ancestorTitles":["portfolioService"],"fullName":"portfolioService promotes the next image when deleting the current main image","status":"passed","title":"promotes the next image when deleting the current main image","duration":4.193399999999997,"failureMessages":[],"meta":{}}],"startTime":1773090006126,"endTime":1773090006135.1934,"status":"passed","message":"","name":"C:/Users/User/build-market/apps/client/__tests__/lib/domains/portfolio.service.test.ts"}]}