{"numTotalTestSuites":4,"numPassedTestSuites":4,"numFailedTestSuites":0,"numPendingTestSuites":0,"numTotalTests":11,"numPassedTests":11,"numFailedTests":0,"numPendingTests":0,"numTodoTests":0,"snapshot":{"added":0,"failure":false,"filesAdded":0,"filesRemoved":0,"filesRemovedList":[],"filesUnmatched":0,"filesUpdated":0,"matched":0,"total":0,"unchecked":0,"uncheckedKeysByFile":[],"unmatched":0,"updated":0,"didUpdate":false},"startTime":1773092365887,"success":true,"testResults":[{"assertionResults":[{"ancestorTitles":["useProjects"],"fullName":"useProjects loads generic projects through the normalized generic client","status":"passed","title":"loads generic projects through the normalized generic client","duration":179.986200000003,"failureMessages":[],"meta":{}},{"ancestorTitles":["useProjects"],"fullName":"useProjects loads a generic project detail through the normalized generic client","status":"passed","title":"loads a generic project detail through the normalized generic client","duration":92.70910000000003,"failureMessages":[],"meta":{}},{"ancestorTitles":["useProjects"],"fullName":"useProjects loads portal projects through the professional-portal client path","status":"passed","title":"loads portal projects through the professional-portal client path","duration":116.42359999999826,"failureMessages":[],"meta":{}},{"ancestorTitles":["useProjects"],"fullName":"useProjects loads a portal project detail through the professional-portal client path","status":"passed","title":"loads a portal project detail through the professional-portal client path","duration":89.05069999999978,"failureMessages":[],"meta":{}}],"startTime":1773092388882,"endTime":1773092389361.0508,"status":"passed","message":"","name":"C:/Users/User/build-market/apps/client/__tests__/hooks/useProjects.test.tsx"},{"assertionResults":[{"ancestorTitles":["propertiesService"],"fullName":"propertiesService rejects property creation for users without a professional profile","status":"passed","title":"rejects property creation for users without a professional profile","duration":7.223899999999958,"failureMessages":[],"meta":{}},{"ancestorTitles":["propertiesService"],"fullName":"propertiesService creates a property batch and records one consent entry for the created property ids","status":"passed","title":"creates a property batch and records one consent entry for the created property ids","duration":5.639000000000124,"failureMessages":[],"meta":{}},{"ancestorTitles":["propertiesService"],"fullName":"propertiesService maps attachment reads to forbidden when the property belongs to another agent","status":"passed","title":"maps attachment reads to forbidden when the property belongs to another agent","duration":0.75,"failureMessages":[],"meta":{}},{"ancestorTitles":["propertiesService"],"fullName":"propertiesService returns not_found when an attachment lookup misses after ownership succeeds","status":"passed","title":"returns not_found when an attachment lookup misses after ownership succeeds","duration":0.5487000000000535,"failureMessages":[],"meta":{}},{"ancestorTitles":["propertiesService"],"fullName":"propertiesService maps optimistic-lock update forbiddance into an HTTP forbidden result","status":"passed","title":"maps optimistic-lock update forbiddance into an HTTP forbidden result","duration":1.4791000000000167,"failureMessages":[],"meta":{}},{"ancestorTitles":["propertiesService"],"fullName":"propertiesService returns successful delete results from the optimistic-lock service","status":"passed","title":"returns successful delete results from the optimistic-lock service","duration":0.39850000000001273,"failureMessages":[],"meta":{}},{"ancestorTitles":["propertiesService"],"fullName":"propertiesService maps property document asset authorization failures to forbidden","status":"passed","title":"maps property document asset authorization failures to forbidden","duration":0.6710000000000491,"failureMessages":[],"meta":{}}],"startTime":1773092367647,"endTime":1773092367663.671,"status":"passed","message":"","name":"C:/Users/User/build-market/apps/client/__tests__/lib/domains/properties.service.test.ts"}]}