{"numTotalTestSuites":4,"numPassedTestSuites":4,"numFailedTestSuites":0,"numPendingTestSuites":0,"numTotalTests":11,"numPassedTests":11,"numFailedTests":0,"numPendingTests":0,"numTodoTests":0,"snapshot":{"added":0,"failure":false,"filesAdded":0,"filesRemoved":0,"filesRemovedList":[],"filesUnmatched":0,"filesUpdated":0,"matched":0,"total":0,"unchecked":0,"uncheckedKeysByFile":[],"unmatched":0,"updated":0,"didUpdate":false},"startTime":1773091330971,"success":true,"testResults":[{"assertionResults":[{"ancestorTitles":["useProjects"],"fullName":"useProjects loads generic projects through the normalized generic client","status":"passed","title":"loads generic projects through the normalized generic client","duration":108.81629999999859,"failureMessages":[],"meta":{}},{"ancestorTitles":["useProjects"],"fullName":"useProjects loads a generic project detail through the normalized generic client","status":"passed","title":"loads a generic project detail through the normalized generic client","duration":85.02509999999893,"failureMessages":[],"meta":{}},{"ancestorTitles":["useProjects"],"fullName":"useProjects loads portal projects through the professional-portal client path","status":"passed","title":"loads portal projects through the professional-portal client path","duration":88.26620000000185,"failureMessages":[],"meta":{}},{"ancestorTitles":["useProjects"],"fullName":"useProjects loads a portal project detail through the professional-portal client path","status":"passed","title":"loads a portal project detail through the professional-portal client path","duration":80.45449999999983,"failureMessages":[],"meta":{}}],"startTime":1773091362181,"endTime":1773091362543.4546,"status":"passed","message":"","name":"C:/Users/User/build-market/apps/client/__tests__/hooks/useProjects.test.tsx"},{"assertionResults":[{"ancestorTitles":["propertiesService"],"fullName":"propertiesService rejects property creation for users without a professional profile","status":"passed","title":"rejects property creation for users without a professional profile","duration":4.345699999999852,"failureMessages":[],"meta":{}},{"ancestorTitles":["propertiesService"],"fullName":"propertiesService creates a property batch and records one consent entry for the created property ids","status":"passed","title":"creates a property batch and records one consent entry for the created property ids","duration":4.9608999999998105,"failureMessages":[],"meta":{}},{"ancestorTitles":["propertiesService"],"fullName":"propertiesService maps attachment reads to forbidden when the property belongs to another agent","status":"passed","title":"maps attachment reads to forbidden when the property belongs to another agent","duration":0.5989999999999327,"failureMessages":[],"meta":{}},{"ancestorTitles":["propertiesService"],"fullName":"propertiesService returns not_found when an attachment lookup misses after ownership succeeds","status":"passed","title":"returns not_found when an attachment lookup misses after ownership succeeds","duration":0.383199999999988,"failureMessages":[],"meta":{}},{"ancestorTitles":["propertiesService"],"fullName":"propertiesService maps optimistic-lock update forbiddance into an HTTP forbidden result","status":"passed","title":"maps optimistic-lock update forbiddance into an HTTP forbidden result","duration":1.1833999999998923,"failureMessages":[],"meta":{}},{"ancestorTitles":["propertiesService"],"fullName":"propertiesService returns successful delete results from the optimistic-lock service","status":"passed","title":"returns successful delete results from the optimistic-lock service","duration":0.5463999999999487,"failureMessages":[],"meta":{}},{"ancestorTitles":["propertiesService"],"fullName":"propertiesService maps property document asset authorization failures to forbidden","status":"passed","title":"maps property document asset authorization failures to forbidden","duration":1.0827999999999065,"failureMessages":[],"meta":{}}],"startTime":1773091332589,"endTime":1773091332602.0828,"status":"passed","message":"","name":"C:/Users/User/build-market/apps/client/__tests__/lib/domains/properties.service.test.ts"}]}