{"numTotalTestSuites":6,"numPassedTestSuites":6,"numFailedTestSuites":0,"numPendingTestSuites":0,"numTotalTests":15,"numPassedTests":15,"numFailedTests":0,"numPendingTests":0,"numTodoTests":0,"snapshot":{"added":0,"failure":false,"filesAdded":0,"filesRemoved":0,"filesRemovedList":[],"filesUnmatched":0,"filesUpdated":0,"matched":0,"total":0,"unchecked":0,"uncheckedKeysByFile":[],"unmatched":0,"updated":0,"didUpdate":false},"startTime":1773090365855,"success":true,"testResults":[{"assertionResults":[{"ancestorTitles":["projects client facade rollout gate"],"fullName":"projects client facade rollout gate blocks generic reads through the public facade when the rollout gate is disabled","status":"passed","title":"blocks generic reads through the public facade when the rollout gate is disabled","duration":1281.3725,"failureMessages":[],"meta":{}},{"ancestorTitles":["projects client facade rollout gate"],"fullName":"projects client facade rollout gate keeps generic reads enabled but blocks generic mutations during read-only rollout","status":"passed","title":"keeps generic reads enabled but blocks generic mutations during read-only rollout","duration":377.7350999999999,"failureMessages":[],"meta":{}},{"ancestorTitles":["projects client facade rollout gate"],"fullName":"projects client facade rollout gate allows generic mutations through the public facade when both rollout gates are enabled","status":"passed","title":"allows generic mutations through the public facade when both rollout gates are enabled","duration":43.16749999999956,"failureMessages":[],"meta":{}}],"startTime":1773090369100,"endTime":1773090370802.1675,"status":"passed","message":"","name":"C:/Users/User/build-market/apps/client/__tests__/lib/projects-client-facade-gate.test.ts"},{"assertionResults":[{"ancestorTitles":["portfolioService"],"fullName":"portfolioService lists portfolios with actor scoping, filters, and pagination","status":"passed","title":"lists portfolios with actor scoping, filters, and pagination","duration":10.422199999999975,"failureMessages":[],"meta":{}},{"ancestorTitles":["portfolioService"],"fullName":"portfolioService returns portfolio detail without leaking professional ownership fields","status":"passed","title":"returns portfolio detail without leaking professional ownership fields","duration":2.5657999999998538,"failureMessages":[],"meta":{}},{"ancestorTitles":["portfolioService"],"fullName":"portfolioService rejects portfolio creation when the professional limit is reached","status":"passed","title":"rejects portfolio creation when the professional limit is reached","duration":1.546400000000176,"failureMessages":[],"meta":{}},{"ancestorTitles":["portfolioService"],"fullName":"portfolioService rejects image batches when an asset is owned by another user","status":"passed","title":"rejects image batches when an asset is owned by another user","duration":1.7029999999999745,"failureMessages":[],"meta":{}},{"ancestorTitles":["portfolioService"],"fullName":"portfolioService updates portfolios after ownership and linked-project checks pass","status":"passed","title":"updates portfolios after ownership and linked-project checks pass","duration":1.7690999999999804,"failureMessages":[],"meta":{}},{"ancestorTitles":["portfolioService"],"fullName":"portfolioService promotes the next image when deleting the current main image","status":"passed","title":"promotes the next image when deleting the current main image","duration":2.389099999999871,"failureMessages":[],"meta":{}}],"startTime":1773090369937,"endTime":1773090369957.3892,"status":"passed","message":"","name":"C:/Users/User/build-market/apps/client/__tests__/lib/domains/portfolio.service.test.ts"},{"assertionResults":[{"ancestorTitles":["propertiesService"],"fullName":"propertiesService rejects property creation for users without a professional profile","status":"passed","title":"rejects property creation for users without a professional profile","duration":4.801300000000083,"failureMessages":[],"meta":{}},{"ancestorTitles":["propertiesService"],"fullName":"propertiesService maps attachment reads to forbidden when the property belongs to another agent","status":"passed","title":"maps attachment reads to forbidden when the property belongs to another agent","duration":0.9444000000003143,"failureMessages":[],"meta":{}},{"ancestorTitles":["propertiesService"],"fullName":"propertiesService returns not_found when an attachment lookup misses after ownership succeeds","status":"passed","title":"returns not_found when an attachment lookup misses after ownership succeeds","duration":0.9052000000001499,"failureMessages":[],"meta":{}},{"ancestorTitles":["propertiesService"],"fullName":"propertiesService maps optimistic-lock update forbiddance into an HTTP forbidden result","status":"passed","title":"maps optimistic-lock update forbiddance into an HTTP forbidden result","duration":4.35570000000007,"failureMessages":[],"meta":{}},{"ancestorTitles":["propertiesService"],"fullName":"propertiesService returns successful delete results from the optimistic-lock service","status":"passed","title":"returns successful delete results from the optimistic-lock service","duration":0.7767000000003463,"failureMessages":[],"meta":{}},{"ancestorTitles":["propertiesService"],"fullName":"propertiesService maps property document asset authorization failures to forbidden","status":"passed","title":"maps property document asset authorization failures to forbidden","duration":1.7838999999999032,"failureMessages":[],"meta":{}}],"startTime":1773090370226,"endTime":1773090370239.784,"status":"passed","message":"","name":"C:/Users/User/build-market/apps/client/__tests__/lib/domains/properties.service.test.ts"}]}