{"numTotalTestSuites":4,"numPassedTestSuites":0,"numFailedTestSuites":4,"numPendingTestSuites":0,"numTotalTests":10,"numPassedTests":2,"numFailedTests":8,"numPendingTests":0,"numTodoTests":0,"snapshot":{"added":0,"failure":false,"filesAdded":0,"filesRemoved":0,"filesRemovedList":[],"filesUnmatched":0,"filesUpdated":0,"matched":0,"total":0,"unchecked":0,"uncheckedKeysByFile":[],"unmatched":0,"updated":0,"didUpdate":false},"startTime":1772922054966,"success":false,"testResults":[{"assertionResults":[{"ancestorTitles":["Project payment routes"],"fullName":"Project payment routes returns cached idempotent response when already completed","status":"passed","title":"returns cached idempotent response when already completed","duration":21.8433,"failureMessages":[],"meta":{}},{"ancestorTitles":["Project payment routes"],"fullName":"Project payment routes maps approve milestone domain not_found to 404","status":"failed","title":"maps approve milestone domain not_found to 404","duration":497.2999999999997,"failureMessages":["PrismaClientKnownRequestError: \nInvalid `tx.project.findUnique()` invocation in\nC:/Users/User/build-market/apps/client/app/lib/services/project-operations.service.ts:119:36\n\n  116     role: \"professional\" | \"client\";\n  117   }>\n  118 > {\n→ 119   const project = await tx.project.findUnique(\nAuthentication failed against the database server, the provided database credentials for `test` are not valid\n    at Vr.handleRequestError (C:\\Users\\User\\build-market\\node_modules\\.pnpm\\@prisma+client@7.3.0_prisma_94c2d5f94df84efbab4b715cf1046463\\node_modules\\@prisma\\client\\runtime\\client.js:65:8172)\n    at Vr.handleAndLogRequestError (C:\\Users\\User\\build-market\\node_modules\\.pnpm\\@prisma+client@7.3.0_prisma_94c2d5f94df84efbab4b715cf1046463\\node_modules\\@prisma\\client\\runtime\\client.js:65:7467)\n    at Vr.request (C:\\Users\\User\\build-market\\node_modules\\.pnpm\\@prisma+client@7.3.0_prisma_94c2d5f94df84efbab4b715cf1046463\\node_modules\\@prisma\\client\\runtime\\client.js:65:7174)\n    at processTicksAndRejections (node:internal/process/task_queues:103:5)\n    at a (C:\\Users\\User\\build-market\\node_modules\\.pnpm\\@prisma+client@7.3.0_prisma_94c2d5f94df84efbab4b715cf1046463\\node_modules\\@prisma\\client\\runtime\\client.js:75:5816)\n    at verifyProjectParticipant (C:/Users/User/build-market/apps/client/app/lib/services/project-operations.service.ts:119:19)\n    at Object.approveMilestone (C:/Users/User/build-market/apps/client/app/lib/domains/projects/service.ts:459:25)\n    at resilientExecutor.execute.operationName (C:/Users/User/build-market/apps/client/app/api/professional-portal/projects/[id]/milestones/[milestoneId]/approve/route.ts:112:26)\n    at Object.<anonymous> (C:/Users/User/build-market/apps/client/__tests__/api/projects/payment-routes.test.ts:34:13)"],"meta":{}},{"ancestorTitles":["Project payment routes"],"fullName":"Project payment routes maps fund escrow invalid transition to 400","status":"failed","title":"maps fund escrow invalid transition to 400","duration":103.26749999999993,"failureMessages":["PrismaClientKnownRequestError: \nInvalid `tx.project.findUnique()` invocation in\nC:/Users/User/build-market/apps/client/app/lib/services/project-operations.service.ts:119:36\n\n  116     role: \"professional\" | \"client\";\n  117   }>\n  118 > {\n→ 119   const project = await tx.project.findUnique(\nAuthentication failed against the database server, the provided database credentials for `test` are not valid\n    at Vr.handleRequestError (C:\\Users\\User\\build-market\\node_modules\\.pnpm\\@prisma+client@7.3.0_prisma_94c2d5f94df84efbab4b715cf1046463\\node_modules\\@prisma\\client\\runtime\\client.js:65:8172)\n    at Vr.handleAndLogRequestError (C:\\Users\\User\\build-market\\node_modules\\.pnpm\\@prisma+client@7.3.0_prisma_94c2d5f94df84efbab4b715cf1046463\\node_modules\\@prisma\\client\\runtime\\client.js:65:7467)\n    at Vr.request (C:\\Users\\User\\build-market\\node_modules\\.pnpm\\@prisma+client@7.3.0_prisma_94c2d5f94df84efbab4b715cf1046463\\node_modules\\@prisma\\client\\runtime\\client.js:65:7174)\n    at processTicksAndRejections (node:internal/process/task_queues:103:5)\n    at a (C:\\Users\\User\\build-market\\node_modules\\.pnpm\\@prisma+client@7.3.0_prisma_94c2d5f94df84efbab4b715cf1046463\\node_modules\\@prisma\\client\\runtime\\client.js:75:5816)\n    at verifyProjectParticipant (C:/Users/User/build-market/apps/client/app/lib/services/project-operations.service.ts:119:19)\n    at Object.fundEscrow (C:/Users/User/build-market/apps/client/app/lib/domains/projects/service.ts:538:25)\n    at resilientExecutor.execute.operationName (C:/Users/User/build-market/apps/client/app/api/professional-portal/projects/[id]/escrow/[escrowId]/fund/route.ts:117:24)\n    at Object.<anonymous> (C:/Users/User/build-market/apps/client/__tests__/api/projects/payment-routes.test.ts:34:13)"],"meta":{}},{"ancestorTitles":["Project payment routes"],"fullName":"Project payment routes maps release milestone_not_approved to 400","status":"failed","title":"maps release milestone_not_approved to 400","duration":87.4377999999997,"failureMessages":["PrismaClientKnownRequestError: \nInvalid `tx.project.findUnique()` invocation in\nC:/Users/User/build-market/apps/client/app/lib/services/project-operations.service.ts:119:36\n\n  116     role: \"professional\" | \"client\";\n  117   }>\n  118 > {\n→ 119   const project = await tx.project.findUnique(\nAuthentication failed against the database server, the provided database credentials for `test` are not valid\n    at Vr.handleRequestError (C:\\Users\\User\\build-market\\node_modules\\.pnpm\\@prisma+client@7.3.0_prisma_94c2d5f94df84efbab4b715cf1046463\\node_modules\\@prisma\\client\\runtime\\client.js:65:8172)\n    at Vr.handleAndLogRequestError (C:\\Users\\User\\build-market\\node_modules\\.pnpm\\@prisma+client@7.3.0_prisma_94c2d5f94df84efbab4b715cf1046463\\node_modules\\@prisma\\client\\runtime\\client.js:65:7467)\n    at Vr.request (C:\\Users\\User\\build-market\\node_modules\\.pnpm\\@prisma+client@7.3.0_prisma_94c2d5f94df84efbab4b715cf1046463\\node_modules\\@prisma\\client\\runtime\\client.js:65:7174)\n    at processTicksAndRejections (node:internal/process/task_queues:103:5)\n    at a (C:\\Users\\User\\build-market\\node_modules\\.pnpm\\@prisma+client@7.3.0_prisma_94c2d5f94df84efbab4b715cf1046463\\node_modules\\@prisma\\client\\runtime\\client.js:75:5816)\n    at verifyProjectParticipant (C:/Users/User/build-market/apps/client/app/lib/services/project-operations.service.ts:119:19)\n    at Object.releaseEscrow (C:/Users/User/build-market/apps/client/app/lib/domains/projects/service.ts:588:25)\n    at resilientExecutor.execute.operationName (C:/Users/User/build-market/apps/client/app/api/professional-portal/projects/[id]/escrow/[escrowId]/release/route.ts:90:26)\n    at Object.<anonymous> (C:/Users/User/build-market/apps/client/__tests__/api/projects/payment-routes.test.ts:34:13)"],"meta":{}},{"ancestorTitles":["Project payment routes"],"fullName":"Project payment routes completes idempotency on successful release","status":"failed","title":"completes idempotency on successful release","duration":136.70420000000013,"failureMessages":["PrismaClientKnownRequestError: \nInvalid `tx.project.findUnique()` invocation in\nC:/Users/User/build-market/apps/client/app/lib/services/project-operations.service.ts:119:36\n\n  116     role: \"professional\" | \"client\";\n  117   }>\n  118 > {\n→ 119   const project = await tx.project.findUnique(\nAuthentication failed against the database server, the provided database credentials for `test` are not valid\n    at Vr.handleRequestError (C:\\Users\\User\\build-market\\node_modules\\.pnpm\\@prisma+client@7.3.0_prisma_94c2d5f94df84efbab4b715cf1046463\\node_modules\\@prisma\\client\\runtime\\client.js:65:8172)\n    at Vr.handleAndLogRequestError (C:\\Users\\User\\build-market\\node_modules\\.pnpm\\@prisma+client@7.3.0_prisma_94c2d5f94df84efbab4b715cf1046463\\node_modules\\@prisma\\client\\runtime\\client.js:65:7467)\n    at Vr.request (C:\\Users\\User\\build-market\\node_modules\\.pnpm\\@prisma+client@7.3.0_prisma_94c2d5f94df84efbab4b715cf1046463\\node_modules\\@prisma\\client\\runtime\\client.js:65:7174)\n    at processTicksAndRejections (node:internal/process/task_queues:103:5)\n    at a (C:\\Users\\User\\build-market\\node_modules\\.pnpm\\@prisma+client@7.3.0_prisma_94c2d5f94df84efbab4b715cf1046463\\node_modules\\@prisma\\client\\runtime\\client.js:75:5816)\n    at verifyProjectParticipant (C:/Users/User/build-market/apps/client/app/lib/services/project-operations.service.ts:119:19)\n    at Object.releaseEscrow (C:/Users/User/build-market/apps/client/app/lib/domains/projects/service.ts:588:25)\n    at resilientExecutor.execute.operationName (C:/Users/User/build-market/apps/client/app/api/professional-portal/projects/[id]/escrow/[escrowId]/release/route.ts:90:26)\n    at Object.<anonymous> (C:/Users/User/build-market/apps/client/__tests__/api/projects/payment-routes.test.ts:34:13)"],"meta":{}}],"startTime":1772922057868,"endTime":1772922058714.704,"status":"failed","message":"","name":"C:/Users/User/build-market/apps/client/__tests__/api/projects/payment-routes.test.ts"},{"assertionResults":[{"ancestorTitles":["Project item routes"],"fullName":"Project item routes returns document detail via item route","status":"failed","title":"returns document detail via item route","duration":530.5507000000002,"failureMessages":["PrismaClientKnownRequestError: \nInvalid `tx.project.findUnique()` invocation in\nC:/Users/User/build-market/apps/client/app/lib/services/project-operations.service.ts:77:36\n\n  74     title: string;\n  75   }>\n  76 > {\n→ 77   const project = await tx.project.findUnique(\nAuthentication failed against the database server, the provided database credentials for `test` are not valid\n    at Vr.handleRequestError (C:\\Users\\User\\build-market\\node_modules\\.pnpm\\@prisma+client@7.3.0_prisma_94c2d5f94df84efbab4b715cf1046463\\node_modules\\@prisma\\client\\runtime\\client.js:65:8172)\n    at Vr.handleAndLogRequestError (C:\\Users\\User\\build-market\\node_modules\\.pnpm\\@prisma+client@7.3.0_prisma_94c2d5f94df84efbab4b715cf1046463\\node_modules\\@prisma\\client\\runtime\\client.js:65:7467)\n    at Vr.request (C:\\Users\\User\\build-market\\node_modules\\.pnpm\\@prisma+client@7.3.0_prisma_94c2d5f94df84efbab4b715cf1046463\\node_modules\\@prisma\\client\\runtime\\client.js:65:7174)\n    at processTicksAndRejections (node:internal/process/task_queues:103:5)\n    at a (C:\\Users\\User\\build-market\\node_modules\\.pnpm\\@prisma+client@7.3.0_prisma_94c2d5f94df84efbab4b715cf1046463\\node_modules\\@prisma\\client\\runtime\\client.js:75:5816)\n    at verifyProjectOwnership (C:/Users/User/build-market/apps/client/app/lib/services/project-operations.service.ts:77:19)\n    at Object.getProjectDocument (C:/Users/User/build-market/apps/client/app/lib/domains/projects/service.ts:301:23)\n    at resilientExecutor.execute.operationName (C:/Users/User/build-market/apps/client/app/api/professional-portal/projects/[id]/documents/[documentId]/route.ts:53:26)\n    at Object.<anonymous> (C:/Users/User/build-market/apps/client/__tests__/api/projects/project-item-routes.test.ts:55:13)"],"meta":{}},{"ancestorTitles":["Project item routes"],"fullName":"Project item routes maps document delete not_found to 404","status":"failed","title":"maps document delete not_found to 404","duration":78.67409999999973,"failureMessages":["PrismaClientKnownRequestError: \nInvalid `tx.project.findUnique()` invocation in\nC:/Users/User/build-market/apps/client/app/lib/services/project-operations.service.ts:77:36\n\n  74     title: string;\n  75   }>\n  76 > {\n→ 77   const project = await tx.project.findUnique(\nAuthentication failed against the database server, the provided database credentials for `test` are not valid\n    at Vr.handleRequestError (C:\\Users\\User\\build-market\\node_modules\\.pnpm\\@prisma+client@7.3.0_prisma_94c2d5f94df84efbab4b715cf1046463\\node_modules\\@prisma\\client\\runtime\\client.js:65:8172)\n    at Vr.handleAndLogRequestError (C:\\Users\\User\\build-market\\node_modules\\.pnpm\\@prisma+client@7.3.0_prisma_94c2d5f94df84efbab4b715cf1046463\\node_modules\\@prisma\\client\\runtime\\client.js:65:7467)\n    at Vr.request (C:\\Users\\User\\build-market\\node_modules\\.pnpm\\@prisma+client@7.3.0_prisma_94c2d5f94df84efbab4b715cf1046463\\node_modules\\@prisma\\client\\runtime\\client.js:65:7174)\n    at processTicksAndRejections (node:internal/process/task_queues:103:5)\n    at a (C:\\Users\\User\\build-market\\node_modules\\.pnpm\\@prisma+client@7.3.0_prisma_94c2d5f94df84efbab4b715cf1046463\\node_modules\\@prisma\\client\\runtime\\client.js:75:5816)\n    at verifyProjectOwnership (C:/Users/User/build-market/apps/client/app/lib/services/project-operations.service.ts:77:19)\n    at Object.removeProjectDocument (C:/Users/User/build-market/apps/client/app/lib/domains/projects/service.ts:264:23)\n    at resilientExecutor.execute.operationName (C:/Users/User/build-market/apps/client/app/api/professional-portal/projects/[id]/documents/[documentId]/route.ts:121:25)\n    at Object.<anonymous> (C:/Users/User/build-market/apps/client/__tests__/api/projects/project-item-routes.test.ts:55:13)"],"meta":{}},{"ancestorTitles":["Project item routes"],"fullName":"Project item routes maps image get forbidden to 403","status":"failed","title":"maps image get forbidden to 403","duration":71.98630000000003,"failureMessages":["PrismaClientKnownRequestError: \nInvalid `tx.project.findUnique()` invocation in\nC:/Users/User/build-market/apps/client/app/lib/services/project-operations.service.ts:77:36\n\n  74     title: string;\n  75   }>\n  76 > {\n→ 77   const project = await tx.project.findUnique(\nAuthentication failed against the database server, the provided database credentials for `test` are not valid\n    at Vr.handleRequestError (C:\\Users\\User\\build-market\\node_modules\\.pnpm\\@prisma+client@7.3.0_prisma_94c2d5f94df84efbab4b715cf1046463\\node_modules\\@prisma\\client\\runtime\\client.js:65:8172)\n    at Vr.handleAndLogRequestError (C:\\Users\\User\\build-market\\node_modules\\.pnpm\\@prisma+client@7.3.0_prisma_94c2d5f94df84efbab4b715cf1046463\\node_modules\\@prisma\\client\\runtime\\client.js:65:7467)\n    at Vr.request (C:\\Users\\User\\build-market\\node_modules\\.pnpm\\@prisma+client@7.3.0_prisma_94c2d5f94df84efbab4b715cf1046463\\node_modules\\@prisma\\client\\runtime\\client.js:65:7174)\n    at processTicksAndRejections (node:internal/process/task_queues:103:5)\n    at a (C:\\Users\\User\\build-market\\node_modules\\.pnpm\\@prisma+client@7.3.0_prisma_94c2d5f94df84efbab4b715cf1046463\\node_modules\\@prisma\\client\\runtime\\client.js:75:5816)\n    at verifyProjectOwnership (C:/Users/User/build-market/apps/client/app/lib/services/project-operations.service.ts:77:19)\n    at Object.getProjectImage (C:/Users/User/build-market/apps/client/app/lib/domains/projects/service.ts:442:23)\n    at resilientExecutor.execute.operationName (C:/Users/User/build-market/apps/client/app/api/professional-portal/projects/[id]/images/[imageId]/route.ts:53:23)\n    at Object.<anonymous> (C:/Users/User/build-market/apps/client/__tests__/api/projects/project-item-routes.test.ts:55:13)"],"meta":{}},{"ancestorTitles":["Project item routes"],"fullName":"Project item routes deletes image via item route","status":"failed","title":"deletes image via item route","duration":218.67320000000018,"failureMessages":["PrismaClientKnownRequestError: \nInvalid `tx.project.findUnique()` invocation in\nC:/Users/User/build-market/apps/client/app/lib/services/project-operations.service.ts:77:36\n\n  74     title: string;\n  75   }>\n  76 > {\n→ 77   const project = await tx.project.findUnique(\nAuthentication failed against the database server, the provided database credentials for `test` are not valid\n    at Vr.handleRequestError (C:\\Users\\User\\build-market\\node_modules\\.pnpm\\@prisma+client@7.3.0_prisma_94c2d5f94df84efbab4b715cf1046463\\node_modules\\@prisma\\client\\runtime\\client.js:65:8172)\n    at Vr.handleAndLogRequestError (C:\\Users\\User\\build-market\\node_modules\\.pnpm\\@prisma+client@7.3.0_prisma_94c2d5f94df84efbab4b715cf1046463\\node_modules\\@prisma\\client\\runtime\\client.js:65:7467)\n    at Vr.request (C:\\Users\\User\\build-market\\node_modules\\.pnpm\\@prisma+client@7.3.0_prisma_94c2d5f94df84efbab4b715cf1046463\\node_modules\\@prisma\\client\\runtime\\client.js:65:7174)\n    at processTicksAndRejections (node:internal/process/task_queues:103:5)\n    at a (C:\\Users\\User\\build-market\\node_modules\\.pnpm\\@prisma+client@7.3.0_prisma_94c2d5f94df84efbab4b715cf1046463\\node_modules\\@prisma\\client\\runtime\\client.js:75:5816)\n    at verifyProjectOwnership (C:/Users/User/build-market/apps/client/app/lib/services/project-operations.service.ts:77:19)\n    at Object.removeProjectImage (C:/Users/User/build-market/apps/client/app/lib/domains/projects/service.ts:416:23)\n    at resilientExecutor.execute.operationName (C:/Users/User/build-market/apps/client/app/api/professional-portal/projects/[id]/images/[imageId]/route.ts:121:25)\n    at Object.<anonymous> (C:/Users/User/build-market/apps/client/__tests__/api/projects/project-item-routes.test.ts:55:13)"],"meta":{}},{"ancestorTitles":["Project item routes"],"fullName":"Project item routes does not expose legacy collection delete handlers","status":"passed","title":"does not expose legacy collection delete handlers","duration":1.2476000000001477,"failureMessages":[],"meta":{}}],"startTime":1772922057896,"endTime":1772922058797.2476,"status":"failed","message":"","name":"C:/Users/User/build-market/apps/client/__tests__/api/projects/project-item-routes.test.ts"}]}