{"numTotalTestSuites":9,"numPassedTestSuites":6,"numFailedTestSuites":3,"numPendingTestSuites":0,"numTotalTests":10,"numPassedTests":8,"numFailedTests":2,"numPendingTests":0,"numTodoTests":0,"snapshot":{"added":0,"failure":false,"filesAdded":0,"filesRemoved":0,"filesRemovedList":[],"filesUnmatched":0,"filesUpdated":0,"matched":0,"total":0,"unchecked":0,"uncheckedKeysByFile":[],"unmatched":0,"updated":0,"didUpdate":false},"startTime":1773090953359,"success":false,"testResults":[{"assertionResults":[{"ancestorTitles":["projects client contracts"],"fullName":"projects client contracts normalizes legacy project list shape to canonical envelope","status":"passed","title":"normalizes legacy project list shape to canonical envelope","duration":10.357700000000023,"failureMessages":[],"meta":{}},{"ancestorTitles":["projects client contracts"],"fullName":"projects client contracts fails mutation normalization for invalid enum values","status":"passed","title":"fails mutation normalization for invalid enum values","duration":4.78449999999998,"failureMessages":[],"meta":{}}],"startTime":1773090956992,"endTime":1773090957006.7844,"status":"passed","message":"","name":"C:/Users/User/build-market/apps/client/__tests__/lib/projects-client-contracts.test.ts"},{"assertionResults":[{"ancestorTitles":["projects client facade rollout gate"],"fullName":"projects client facade rollout gate blocks generic reads through the public facade when the rollout gate is disabled","status":"passed","title":"blocks generic reads through the public facade when the rollout gate is disabled","duration":1412.5803999999998,"failureMessages":[],"meta":{}},{"ancestorTitles":["projects client facade rollout gate"],"fullName":"projects client facade rollout gate keeps generic reads enabled but blocks generic mutations during read-only rollout","status":"passed","title":"keeps generic reads enabled but blocks generic mutations during read-only rollout","duration":151.90139999999974,"failureMessages":[],"meta":{}},{"ancestorTitles":["projects client facade rollout gate"],"fullName":"projects client facade rollout gate allows generic mutations through the public facade when both rollout gates are enabled","status":"passed","title":"allows generic mutations through the public facade when both rollout gates are enabled","duration":71.42320000000018,"failureMessages":[],"meta":{}}],"startTime":1773090954484,"endTime":1773090956121.423,"status":"passed","message":"","name":"C:/Users/User/build-market/apps/client/__tests__/lib/projects-client-facade-gate.test.ts"},{"assertionResults":[{"ancestorTitles":["projects client gate rollout"],"fullName":"projects client gate rollout blocks generic reads when generic API gate is disabled","status":"passed","title":"blocks generic reads when generic API gate is disabled","duration":1512.2618000000002,"failureMessages":[],"meta":{}},{"ancestorTitles":["projects client gate rollout"],"fullName":"projects client gate rollout allows generic reads but blocks generic mutations in controlled rollout mode","status":"passed","title":"allows generic reads but blocks generic mutations in controlled rollout mode","duration":152.77660000000014,"failureMessages":[],"meta":{}},{"ancestorTitles":["projects client gate rollout"],"fullName":"projects client gate rollout allows generic mutations when mutation gate is enabled","status":"passed","title":"allows generic mutations when mutation gate is enabled","duration":77.41150000000016,"failureMessages":[],"meta":{}}],"startTime":1773090954381,"endTime":1773090956123.4116,"status":"passed","message":"","name":"C:/Users/User/build-market/apps/client/__tests__/lib/projects-client-gate.test.ts"},{"assertionResults":[{"ancestorTitles":["projects client context split"],"fullName":"projects client context split routes generic and portal list calls to distinct endpoints","status":"failed","title":"routes generic and portal list calls to distinct endpoints","duration":46.8728000000001,"failureMessages":["AssertionError: expected \"fetch\" to be called 2 times, but got 1 times\n    at C:/Users/User/build-market/apps/client/__tests__/lib/projects-client-split.test.ts:33:23\n    at processTicksAndRejections (node:internal/process/task_queues:103:5)\n    at file:///C:/Users/User/build-market/node_modules/.pnpm/@vitest+runner@4.0.18/node_modules/@vitest/runner/dist/index.js:915:20"],"meta":{}},{"ancestorTitles":["projects client context split"],"fullName":"projects client context split returns operation-context parse errors from transport helper","status":"failed","title":"returns operation-context parse errors from transport helper","duration":9.707200000000057,"failureMessages":["AssertionError: expected 'Generic projects API is disabled. Use…' to contain 'Invalid API response shape for projec…'\n    at C:/Users/User/build-market/apps/client/__tests__/lib/projects-client-split.test.ts:54:28\n    at processTicksAndRejections (node:internal/process/task_queues:103:5)\n    at file:///C:/Users/User/build-market/node_modules/.pnpm/@vitest+runner@4.0.18/node_modules/@vitest/runner/dist/index.js:915:20"],"meta":{}}],"startTime":1773090957105,"endTime":1773090957161.7073,"status":"failed","message":"","name":"C:/Users/User/build-market/apps/client/__tests__/lib/projects-client-split.test.ts"},{"assertionResults":[],"startTime":1773090953359,"endTime":1773090953359,"status":"failed","message":"Cannot find module 'C:\\Users\\User\\build-market\\packages\\redis\\src\\client' imported from C:\\Users\\User\\build-market\\packages\\redis\\src\\index.ts","name":"C:/Users/User/build-market/apps/client/__tests__/lib/domains/projects.service.test.ts"}]}