{"numTotalTestSuites":2,"numPassedTestSuites":0,"numFailedTestSuites":2,"numPendingTestSuites":0,"numTotalTests":6,"numPassedTests":3,"numFailedTests":3,"numPendingTests":0,"numTodoTests":0,"snapshot":{"added":0,"failure":false,"filesAdded":0,"filesRemoved":0,"filesRemovedList":[],"filesUnmatched":0,"filesUpdated":0,"matched":0,"total":0,"unchecked":0,"uncheckedKeysByFile":[],"unmatched":0,"updated":0,"didUpdate":false},"startTime":1773096109027,"success":false,"testResults":[{"assertionResults":[{"ancestorTitles":["public leads routes"],"fullName":"public leads routes returns 400 for invalid public lead json before invoking the domain","status":"passed","title":"returns 400 for invalid public lead json before invoking the domain","duration":591.3522000000012,"failureMessages":[],"meta":{}},{"ancestorTitles":["public leads routes"],"fullName":"public leads routes maps public lead professional_not_found to 404","status":"failed","title":"maps public lead professional_not_found to 404","duration":155.78800000000047,"failureMessages":["AssertionError: expected 400 to be 404 // Object.is equality\n    at C:/Users/User/build-market/apps/client/__tests__/api/leads/public.route.test.ts:85:29\n    at processTicksAndRejections (node:internal/process/task_queues:103:5)\n    at file:///C:/Users/User/build-market/node_modules/.pnpm/@vitest+runner@4.0.18/node_modules/@vitest/runner/dist/index.js:915:20"],"meta":{}},{"ancestorTitles":["public leads routes"],"fullName":"public leads routes returns 201 for successful public lead submission","status":"failed","title":"returns 201 for successful public lead submission","duration":8.551699999999983,"failureMessages":["AssertionError: expected 400 to be 201 // Object.is equality\n    at C:/Users/User/build-market/apps/client/__tests__/api/leads/public.route.test.ts:118:29\n    at processTicksAndRejections (node:internal/process/task_queues:103:5)\n    at file:///C:/Users/User/build-market/node_modules/.pnpm/@vitest+runner@4.0.18/node_modules/@vitest/runner/dist/index.js:915:20"],"meta":{}},{"ancestorTitles":["public leads routes"],"fullName":"public leads routes returns 400 for invalid public lead status ids","status":"failed","title":"returns 400 for invalid public lead status ids","duration":15.42410000000018,"failureMessages":["AssertionError: expected 500 to be 400 // Object.is equality\n    at C:/Users/User/build-market/apps/client/__tests__/api/leads/public.route.test.ts:135:29\n    at processTicksAndRejections (node:internal/process/task_queues:103:5)\n    at file:///C:/Users/User/build-market/node_modules/.pnpm/@vitest+runner@4.0.18/node_modules/@vitest/runner/dist/index.js:915:20"],"meta":{}},{"ancestorTitles":["public leads routes"],"fullName":"public leads routes maps public lead status not_found to 404","status":"passed","title":"maps public lead status not_found to 404","duration":2.4386999999987893,"failureMessages":[],"meta":{}},{"ancestorTitles":["public leads routes"],"fullName":"public leads routes returns 200 for successful public lead status lookup","status":"passed","title":"returns 200 for successful public lead status lookup","duration":4.625700000000506,"failureMessages":[],"meta":{}}],"startTime":1773096129338,"endTime":1773096130116.6257,"status":"failed","message":"","name":"C:/Users/User/build-market/apps/client/__tests__/api/leads/public.route.test.ts"}]}