{"numTotalTestSuites":2,"numPassedTestSuites":2,"numFailedTestSuites":0,"numPendingTestSuites":0,"numTotalTests":3,"numPassedTests":3,"numFailedTests":0,"numPendingTests":0,"numTodoTests":0,"snapshot":{"added":0,"failure":false,"filesAdded":0,"filesRemoved":0,"filesRemovedList":[],"filesUnmatched":0,"filesUpdated":0,"matched":0,"total":0,"unchecked":0,"uncheckedKeysByFile":[],"unmatched":0,"updated":0,"didUpdate":false},"startTime":1773089945973,"success":true,"testResults":[{"assertionResults":[{"ancestorTitles":["propertiesService"],"fullName":"propertiesService rejects property creation for users without a professional profile","status":"passed","title":"rejects property creation for users without a professional profile","duration":2.8114000000000487,"failureMessages":[],"meta":{}},{"ancestorTitles":["propertiesService"],"fullName":"propertiesService maps attachment reads to forbidden when the property belongs to another agent","status":"passed","title":"maps attachment reads to forbidden when the property belongs to another agent","duration":1.363800000000083,"failureMessages":[],"meta":{}},{"ancestorTitles":["propertiesService"],"fullName":"propertiesService returns not_found when an attachment lookup misses after ownership succeeds","status":"passed","title":"returns not_found when an attachment lookup misses after ownership succeeds","duration":0.9597999999998592,"failureMessages":[],"meta":{}}],"startTime":1773089947211,"endTime":1773089947215.9597,"status":"passed","message":"","name":"C:/Users/User/build-market/apps/client/__tests__/lib/domains/properties.service.test.ts"}]}