{"numTotalTestSuites":8,"numPassedTestSuites":8,"numFailedTestSuites":0,"numPendingTestSuites":0,"numTotalTests":10,"numPassedTests":10,"numFailedTests":0,"numPendingTests":0,"numTodoTests":0,"snapshot":{"added":0,"failure":false,"filesAdded":0,"filesRemoved":0,"filesRemovedList":[],"filesUnmatched":0,"filesUpdated":0,"matched":0,"total":0,"unchecked":0,"uncheckedKeysByFile":[],"unmatched":0,"updated":0,"didUpdate":false},"startTime":1773091019547,"success":true,"testResults":[{"assertionResults":[{"ancestorTitles":["projects client contracts"],"fullName":"projects client contracts normalizes legacy project list shape to canonical envelope","status":"passed","title":"normalizes legacy project list shape to canonical envelope","duration":10.211300000000051,"failureMessages":[],"meta":{}},{"ancestorTitles":["projects client contracts"],"fullName":"projects client contracts fails mutation normalization for invalid enum values","status":"passed","title":"fails mutation normalization for invalid enum values","duration":2.7010999999999967,"failureMessages":[],"meta":{}}],"startTime":1773091022735,"endTime":1773091022748.7012,"status":"passed","message":"","name":"C:/Users/User/build-market/apps/client/__tests__/lib/projects-client-contracts.test.ts"},{"assertionResults":[{"ancestorTitles":["projects client facade rollout gate"],"fullName":"projects client facade rollout gate blocks generic reads through the public facade when the rollout gate is disabled","status":"passed","title":"blocks generic reads through the public facade when the rollout gate is disabled","duration":1014.918,"failureMessages":[],"meta":{}},{"ancestorTitles":["projects client facade rollout gate"],"fullName":"projects client facade rollout gate keeps generic reads enabled but blocks generic mutations during read-only rollout","status":"passed","title":"keeps generic reads enabled but blocks generic mutations during read-only rollout","duration":132.80610000000001,"failureMessages":[],"meta":{}},{"ancestorTitles":["projects client facade rollout gate"],"fullName":"projects client facade rollout gate allows generic mutations through the public facade when both rollout gates are enabled","status":"passed","title":"allows generic mutations through the public facade when both rollout gates are enabled","duration":40.64240000000018,"failureMessages":[],"meta":{}}],"startTime":1773091020907,"endTime":1773091022095.6423,"status":"passed","message":"","name":"C:/Users/User/build-market/apps/client/__tests__/lib/projects-client-facade-gate.test.ts"},{"assertionResults":[{"ancestorTitles":["projects client gate rollout"],"fullName":"projects client gate rollout blocks generic reads when generic API gate is disabled","status":"passed","title":"blocks generic reads when generic API gate is disabled","duration":951.0811000000001,"failureMessages":[],"meta":{}},{"ancestorTitles":["projects client gate rollout"],"fullName":"projects client gate rollout allows generic reads but blocks generic mutations in controlled rollout mode","status":"passed","title":"allows generic reads but blocks generic mutations in controlled rollout mode","duration":103.50379999999996,"failureMessages":[],"meta":{}},{"ancestorTitles":["projects client gate rollout"],"fullName":"projects client gate rollout allows generic mutations when mutation gate is enabled","status":"passed","title":"allows generic mutations when mutation gate is enabled","duration":65.89760000000024,"failureMessages":[],"meta":{}}],"startTime":1773091020943,"endTime":1773091022062.8977,"status":"passed","message":"","name":"C:/Users/User/build-market/apps/client/__tests__/lib/projects-client-gate.test.ts"},{"assertionResults":[{"ancestorTitles":["projects client context split"],"fullName":"projects client context split routes generic and portal list calls to distinct endpoints","status":"passed","title":"routes generic and portal list calls to distinct endpoints","duration":961.8135,"failureMessages":[],"meta":{}},{"ancestorTitles":["projects client context split"],"fullName":"projects client context split returns operation-context parse errors from transport helper","status":"passed","title":"returns operation-context parse errors from transport helper","duration":45.34010000000012,"failureMessages":[],"meta":{}}],"startTime":1773091020942,"endTime":1773091021949.34,"status":"passed","message":"","name":"C:/Users/User/build-market/apps/client/__tests__/lib/projects-client-split.test.ts"}]}