{"total": {"lines":{"total":1199,"covered":460,"skipped":0,"pct":38.36},"statements":{"total":1231,"covered":461,"skipped":0,"pct":37.44},"functions":{"total":183,"covered":48,"skipped":0,"pct":26.22},"branches":{"total":1174,"covered":263,"skipped":0,"pct":22.4},"branchesTrue":{"total":0,"covered":0,"skipped":0,"pct":100}}
,"C:\\Users\\User\\build-market\\apps\\client\\app\\api\\messaging\\conversations\\[id]\\route.ts": {"lines":{"total":93,"covered":79,"skipped":0,"pct":84.94},"functions":{"total":11,"covered":7,"skipped":0,"pct":63.63},"statements":{"total":94,"covered":79,"skipped":0,"pct":84.04},"branches":{"total":70,"covered":50,"skipped":0,"pct":71.42}}
,"C:\\Users\\User\\build-market\\apps\\client\\app\\api\\messaging\\conversations\\[id]\\participants\\route.ts": {"lines":{"total":110,"covered":20,"skipped":0,"pct":18.18},"functions":{"total":10,"covered":3,"skipped":0,"pct":30},"statements":{"total":113,"covered":20,"skipped":0,"pct":17.69},"branches":{"total":91,"covered":11,"skipped":0,"pct":12.08}}
,"C:\\Users\\User\\build-market\\apps\\client\\app\\api\\messaging\\messages\\[id]\\route.ts": {"lines":{"total":78,"covered":73,"skipped":0,"pct":93.58},"functions":{"total":7,"covered":7,"skipped":0,"pct":100},"statements":{"total":79,"covered":73,"skipped":0,"pct":92.4},"branches":{"total":58,"covered":44,"skipped":0,"pct":75.86}}
,"C:\\Users\\User\\build-market\\apps\\client\\app\\api\\messaging\\messages\\conversation\\[conversationId]\\route.ts": {"lines":{"total":28,"covered":22,"skipped":0,"pct":78.57},"functions":{"total":3,"covered":3,"skipped":0,"pct":100},"statements":{"total":28,"covered":22,"skipped":0,"pct":78.57},"branches":{"total":20,"covered":12,"skipped":0,"pct":60}}
,"C:\\Users\\User\\build-market\\apps\\client\\app\\api\\properties\\shared.ts": {"lines":{"total":65,"covered":39,"skipped":0,"pct":60},"functions":{"total":13,"covered":12,"skipped":0,"pct":92.3},"statements":{"total":67,"covered":40,"skipped":0,"pct":59.7},"branches":{"total":83,"covered":43,"skipped":0,"pct":51.8}}
,"C:\\Users\\User\\build-market\\apps\\client\\app\\api\\properties\\[id]\\route.ts": {"lines":{"total":148,"covered":113,"skipped":0,"pct":76.35},"functions":{"total":6,"covered":5,"skipped":0,"pct":83.33},"statements":{"total":149,"covered":113,"skipped":0,"pct":75.83},"branches":{"total":68,"covered":48,"skipped":0,"pct":70.58}}
,"C:\\Users\\User\\build-market\\apps\\client\\app\\api\\stores\\[id]\\route.ts": {"lines":{"total":125,"covered":56,"skipped":0,"pct":44.8},"functions":{"total":7,"covered":4,"skipped":0,"pct":57.14},"statements":{"total":132,"covered":56,"skipped":0,"pct":42.42},"branches":{"total":95,"covered":30,"skipped":0,"pct":31.57}}
,"C:\\Users\\User\\build-market\\apps\\client\\app\\lib\\api\\api-guards.ts": {"lines":{"total":8,"covered":1,"skipped":0,"pct":12.5},"functions":{"total":3,"covered":1,"skipped":0,"pct":33.33},"statements":{"total":8,"covered":1,"skipped":0,"pct":12.5},"branches":{"total":12,"covered":2,"skipped":0,"pct":16.66}}
,"C:\\Users\\User\\build-market\\apps\\client\\app\\lib\\api\\api-response.ts": {"lines":{"total":12,"covered":8,"skipped":0,"pct":66.66},"functions":{"total":5,"covered":2,"skipped":0,"pct":40},"statements":{"total":12,"covered":8,"skipped":0,"pct":66.66},"branches":{"total":12,"covered":10,"skipped":0,"pct":83.33}}
,"C:\\Users\\User\\build-market\\apps\\client\\app\\lib\\api\\request-utils.ts": {"lines":{"total":30,"covered":9,"skipped":0,"pct":30},"functions":{"total":6,"covered":2,"skipped":0,"pct":33.33},"statements":{"total":32,"covered":9,"skipped":0,"pct":28.12},"branches":{"total":25,"covered":8,"skipped":0,"pct":32}}
,"C:\\Users\\User\\build-market\\apps\\client\\app\\lib\\domains\\properties\\contracts.ts": {"lines":{"total":0,"covered":0,"skipped":0,"pct":100},"functions":{"total":0,"covered":0,"skipped":0,"pct":100},"statements":{"total":0,"covered":0,"skipped":0,"pct":100},"branches":{"total":0,"covered":0,"skipped":0,"pct":100}}
,"C:\\Users\\User\\build-market\\apps\\client\\app\\lib\\domains\\properties\\index.ts": {"lines":{"total":0,"covered":0,"skipped":0,"pct":100},"functions":{"total":0,"covered":0,"skipped":0,"pct":100},"statements":{"total":0,"covered":0,"skipped":0,"pct":100},"branches":{"total":0,"covered":0,"skipped":0,"pct":100}}
,"C:\\Users\\User\\build-market\\apps\\client\\app\\lib\\domains\\properties\\mappers.ts": {"lines":{"total":35,"covered":0,"skipped":0,"pct":0},"functions":{"total":18,"covered":0,"skipped":0,"pct":0},"statements":{"total":40,"covered":0,"skipped":0,"pct":0},"branches":{"total":262,"covered":0,"skipped":0,"pct":0}}
,"C:\\Users\\User\\build-market\\apps\\client\\app\\lib\\domains\\properties\\operations.ts": {"lines":{"total":23,"covered":0,"skipped":0,"pct":0},"functions":{"total":5,"covered":0,"skipped":0,"pct":0},"statements":{"total":23,"covered":0,"skipped":0,"pct":0},"branches":{"total":34,"covered":0,"skipped":0,"pct":0}}
,"C:\\Users\\User\\build-market\\apps\\client\\app\\lib\\domains\\properties\\repository.ts": {"lines":{"total":67,"covered":1,"skipped":0,"pct":1.49},"functions":{"total":36,"covered":0,"skipped":0,"pct":0},"statements":{"total":68,"covered":1,"skipped":0,"pct":1.47},"branches":{"total":97,"covered":0,"skipped":0,"pct":0}}
,"C:\\Users\\User\\build-market\\apps\\client\\app\\lib\\domains\\properties\\service.ts": {"lines":{"total":281,"covered":1,"skipped":0,"pct":0.35},"functions":{"total":35,"covered":0,"skipped":0,"pct":0},"statements":{"total":287,"covered":1,"skipped":0,"pct":0.34},"branches":{"total":160,"covered":0,"skipped":0,"pct":0}}
,"C:\\Users\\User\\build-market\\apps\\client\\app\\lib\\errors\\result.ts": {"lines":{"total":3,"covered":0,"skipped":0,"pct":0},"functions":{"total":3,"covered":0,"skipped":0,"pct":0},"statements":{"total":3,"covered":0,"skipped":0,"pct":0},"branches":{"total":0,"covered":0,"skipped":0,"pct":100}}
,"C:\\Users\\User\\build-market\\apps\\client\\app\\lib\\security\\roles.ts": {"lines":{"total":22,"covered":9,"skipped":0,"pct":40.9},"functions":{"total":7,"covered":2,"skipped":0,"pct":28.57},"statements":{"total":23,"covered":9,"skipped":0,"pct":39.13},"branches":{"total":14,"covered":5,"skipped":0,"pct":35.71}}
,"C:\\Users\\User\\build-market\\apps\\client\\app\\lib\\validation\\properties-validation.ts": {"lines":{"total":71,"covered":29,"skipped":0,"pct":40.84},"functions":{"total":8,"covered":0,"skipped":0,"pct":0},"statements":{"total":73,"covered":29,"skipped":0,"pct":39.72},"branches":{"total":73,"covered":0,"skipped":0,"pct":0}}
}
