{"total": {"lines":{"total":444,"covered":238,"skipped":0,"pct":53.6},"statements":{"total":454,"covered":238,"skipped":0,"pct":52.42},"functions":{"total":31,"covered":17,"skipped":0,"pct":54.83},"branches":{"total":291,"covered":118,"skipped":0,"pct":40.54},"branchesTrue":{"total":0,"covered":0,"skipped":0,"pct":100}}
,"C:\\Users\\User\\build-market\\apps\\client\\app\\api\\messaging\\conversations\\[id]\\route.ts": {"lines":{"total":93,"covered":41,"skipped":0,"pct":44.08},"functions":{"total":11,"covered":5,"skipped":0,"pct":45.45},"statements":{"total":94,"covered":41,"skipped":0,"pct":43.61},"branches":{"total":70,"covered":26,"skipped":0,"pct":37.14}}
,"C:\\Users\\User\\build-market\\apps\\client\\app\\api\\messaging\\messages\\[id]\\route.ts": {"lines":{"total":78,"covered":28,"skipped":0,"pct":35.89},"functions":{"total":7,"covered":3,"skipped":0,"pct":42.85},"statements":{"total":79,"covered":28,"skipped":0,"pct":35.44},"branches":{"total":58,"covered":14,"skipped":0,"pct":24.13}}
,"C:\\Users\\User\\build-market\\apps\\client\\app\\api\\properties\\[id]\\route.ts": {"lines":{"total":148,"covered":113,"skipped":0,"pct":76.35},"functions":{"total":6,"covered":5,"skipped":0,"pct":83.33},"statements":{"total":149,"covered":113,"skipped":0,"pct":75.83},"branches":{"total":68,"covered":48,"skipped":0,"pct":70.58}}
,"C:\\Users\\User\\build-market\\apps\\client\\app\\api\\stores\\[id]\\route.ts": {"lines":{"total":125,"covered":56,"skipped":0,"pct":44.8},"functions":{"total":7,"covered":4,"skipped":0,"pct":57.14},"statements":{"total":132,"covered":56,"skipped":0,"pct":42.42},"branches":{"total":95,"covered":30,"skipped":0,"pct":31.57}}
}
